2015-11-10 15:26:56 10fc InnoDB: Warning: Using innodb_additional_mem_pool_size is DEPRECATED. This option may be removed in future releases, together with the option innodb_use_sys_malloc and with the InnoDB's internal memory allocator.
2015-11-10 15:26:56 4348 [Note] InnoDB: Using mutexes to ref count buffer pool pages
2015-11-10 15:26:56 4348 [Note] InnoDB: The InnoDB memory heap is disabled
2015-11-10 15:26:56 4348 [Note] InnoDB: Mutexes and rw_locks use Windows interlocked functions
2015-11-10 15:26:56 4348 [Note] InnoDB: Memory barrier is not used
2015-11-10 15:26:56 4348 [Note] InnoDB: Compressed tables use zlib 1.2.3
2015-11-10 15:26:56 4348 [Note] InnoDB: Not using CPU crc32 instructions
2015-11-10 15:26:56 4348 [Note] InnoDB: Initializing buffer pool, size = 16.0M
2015-11-10 15:26:56 4348 [Note] InnoDB: Completed initialization of buffer pool
2015-11-10 15:26:56 4348 [Note] InnoDB: Highest supported file format is Barracuda.
2015-11-10 15:26:57 4348 [Note] InnoDB: 128 rollback segment(s) are active.
2015-11-10 15:26:57 4348 [Note] InnoDB: Waiting for purge to start
2015-11-10 15:26:57 4348 [Note] InnoDB:  Percona XtraDB (http://www.percona.com) 5.6.26-74.0 started; log sequence number 1835027
2015-11-10 15:26:57 6140 [Note] InnoDB: Dumping buffer pool(s) not yet started
2015-11-10 15:26:57 4348 [Note] Plugin 'FEEDBACK' is disabled.
2015-11-10 15:26:57 4348 [Note] Server socket created on IP: '::'.
2015-11-10 15:26:57 4348 [Note] Event Scheduler: Loaded 0 events
2015-11-10 15:26:57 4348 [Note] C:\xampp\mysql\bin\mysqld.exe: ready for connections.
Version: '10.1.8-MariaDB'  socket: ''  port: 3306  mariadb.org binary distribution
2015-11-10 15:27:11 5152 [Note] C:\xampp\mysql\bin\mysqld.exe: Normal shutdown

2015-11-10 15:27:11 5152 [Note] Event Scheduler: Purging the queue. 0 events
2015-11-10 15:27:11 5732 [Note] InnoDB: FTS optimize thread exiting.
2015-11-10 15:27:11 5152 [Note] InnoDB: Starting shutdown...
2015-11-10 15:27:13 5152 [Note] InnoDB: Shutdown completed; log sequence number 1835037
2015-11-10 15:27:13 5152 [Note] C:\xampp\mysql\bin\mysqld.exe: Shutdown complete

2017-01-10 12:51:07 3bc InnoDB: Warning: Using innodb_additional_mem_pool_size is DEPRECATED. This option may be removed in future releases, together with the option innodb_use_sys_malloc and with the InnoDB's internal memory allocator.
2017-01-10 12:51:07 956 [Note] InnoDB: innodb_empty_free_list_algorithm has been changed to legacy because of small buffer pool size. In order to use backoff, increase buffer pool at least up to 20MB.

2017-01-10 12:51:07 956 [Note] InnoDB: Using mutexes to ref count buffer pool pages
2017-01-10 12:51:07 956 [Note] InnoDB: The InnoDB memory heap is disabled
2017-01-10 12:51:07 956 [Note] InnoDB: Mutexes and rw_locks use Windows interlocked functions
2017-01-10 12:51:07 956 [Note] InnoDB: _mm_lfence() and _mm_sfence() are used for memory barrier
2017-01-10 12:51:07 956 [Note] InnoDB: Compressed tables use zlib 1.2.3
2017-01-10 12:51:07 956 [Note] InnoDB: Using generic crc32 instructions
2017-01-10 12:51:07 956 [Note] InnoDB: Initializing buffer pool, size = 16.0M
2017-01-10 12:51:07 956 [Note] InnoDB: Completed initialization of buffer pool
2017-01-10 12:51:08 956 [Note] InnoDB: Highest supported file format is Barracuda.
2017-01-10 12:51:08 956 [Note] InnoDB: 128 rollback segment(s) are active.
2017-01-10 12:51:08 956 [Note] InnoDB: Creating zip_dict and zip_dict_cols system tables.
2017-01-10 12:51:09 956 [Note] InnoDB: zip_dict and zip_dict_cols system tables created.
2017-01-10 12:51:09 956 [Note] InnoDB: Waiting for purge to start
2017-01-10 12:51:09 956 [Note] InnoDB:  Percona XtraDB (http://www.percona.com) 5.6.32-79.0 started; log sequence number 1835037
2017-01-10 12:51:09 6372 [Note] InnoDB: Dumping buffer pool(s) not yet started
2017-01-10 12:51:09 956 [Note] Plugin 'FEEDBACK' is disabled.
2017-01-10 12:51:09 956 [Note] Server socket created on IP: '::'.
2017-01-10 12:51:09 956 [Note] d:\programowanie\strony\programy\xampp\mysql\bin\mysqld.exe: ready for connections.
Version: '10.1.19-MariaDB'  socket: ''  port: 3306  mariadb.org binary distribution
2017-01-10 22:58:14 10f8 InnoDB: Warning: Using innodb_additional_mem_pool_size is DEPRECATED. This option may be removed in future releases, together with the option innodb_use_sys_malloc and with the InnoDB's internal memory allocator.
2017-01-10 22:58:14 4344 [Note] InnoDB: innodb_empty_free_list_algorithm has been changed to legacy because of small buffer pool size. In order to use backoff, increase buffer pool at least up to 20MB.

2017-01-10 22:58:14 4344 [Note] InnoDB: Using mutexes to ref count buffer pool pages
2017-01-10 22:58:14 4344 [Note] InnoDB: The InnoDB memory heap is disabled
2017-01-10 22:58:14 4344 [Note] InnoDB: Mutexes and rw_locks use Windows interlocked functions
2017-01-10 22:58:14 4344 [Note] InnoDB: _mm_lfence() and _mm_sfence() are used for memory barrier
2017-01-10 22:58:14 4344 [Note] InnoDB: Compressed tables use zlib 1.2.3
2017-01-10 22:58:14 4344 [Note] InnoDB: Using generic crc32 instructions
2017-01-10 22:58:14 4344 [Note] InnoDB: Initializing buffer pool, size = 16.0M
2017-01-10 22:58:14 4344 [Note] InnoDB: Completed initialization of buffer pool
2017-01-10 22:58:14 4344 [Note] InnoDB: Highest supported file format is Barracuda.
2017-01-10 22:58:14 4344 [Note] InnoDB: The log sequence numbers 1835037 and 1835037 in ibdata files do not match the log sequence number 1840325 in the ib_logfiles!
2017-01-10 22:58:14 4344 [Note] InnoDB: Database was not shutdown normally!
2017-01-10 22:58:14 4344 [Note] InnoDB: Starting crash recovery.
2017-01-10 22:58:14 4344 [Note] InnoDB: Reading tablespace information from the .ibd files...
2017-01-10 22:58:14 4344 [Note] InnoDB: Restoring possible half-written data pages 
2017-01-10 22:58:14 4344 [Note] InnoDB: from the doublewrite buffer...
2017-01-10 22:58:14 4344 [Note] InnoDB: 128 rollback segment(s) are active.
2017-01-10 22:58:14 4344 [Note] InnoDB: Waiting for purge to start
2017-01-10 22:58:15 4344 [Note] InnoDB:  Percona XtraDB (http://www.percona.com) 5.6.32-79.0 started; log sequence number 1840325
2017-01-10 22:58:15 10048 [Note] InnoDB: Dumping buffer pool(s) not yet started
2017-01-10 22:58:15 4344 [Note] Plugin 'FEEDBACK' is disabled.
2017-01-10 22:58:15 4344 [Note] Server socket created on IP: '::'.
2017-01-10 22:58:15 4344 [Note] d:\programowanie\strony\programy\xampp\mysql\bin\mysqld.exe: ready for connections.
Version: '10.1.19-MariaDB'  socket: ''  port: 3306  mariadb.org binary distribution
2017-01-11 18:09:18 1bf8 InnoDB: Warning: Using innodb_additional_mem_pool_size is DEPRECATED. This option may be removed in future releases, together with the option innodb_use_sys_malloc and with the InnoDB's internal memory allocator.
2017-01-11 18:09:18 7160 [Note] InnoDB: innodb_empty_free_list_algorithm has been changed to legacy because of small buffer pool size. In order to use backoff, increase buffer pool at least up to 20MB.

2017-01-11 18:09:18 7160 [Note] InnoDB: Using mutexes to ref count buffer pool pages
2017-01-11 18:09:18 7160 [Note] InnoDB: The InnoDB memory heap is disabled
2017-01-11 18:09:18 7160 [Note] InnoDB: Mutexes and rw_locks use Windows interlocked functions
2017-01-11 18:09:18 7160 [Note] InnoDB: _mm_lfence() and _mm_sfence() are used for memory barrier
2017-01-11 18:09:18 7160 [Note] InnoDB: Compressed tables use zlib 1.2.3
2017-01-11 18:09:18 7160 [Note] InnoDB: Using generic crc32 instructions
2017-01-11 18:09:18 7160 [Note] InnoDB: Initializing buffer pool, size = 16.0M
2017-01-11 18:09:18 7160 [Note] InnoDB: Completed initialization of buffer pool
2017-01-11 18:09:18 7160 [Note] InnoDB: Highest supported file format is Barracuda.
2017-01-11 18:09:18 7160 [Note] InnoDB: The log sequence numbers 1835037 and 1835037 in ibdata files do not match the log sequence number 1840335 in the ib_logfiles!
2017-01-11 18:09:18 7160 [Note] InnoDB: Database was not shutdown normally!
2017-01-11 18:09:18 7160 [Note] InnoDB: Starting crash recovery.
2017-01-11 18:09:18 7160 [Note] InnoDB: Reading tablespace information from the .ibd files...
2017-01-11 18:09:18 7160 [Note] InnoDB: Restoring possible half-written data pages 
2017-01-11 18:09:18 7160 [Note] InnoDB: from the doublewrite buffer...
2017-01-11 18:09:18 7160 [Note] InnoDB: 128 rollback segment(s) are active.
2017-01-11 18:09:18 7160 [Note] InnoDB: Waiting for purge to start
2017-01-11 18:09:18 7160 [Note] InnoDB:  Percona XtraDB (http://www.percona.com) 5.6.32-79.0 started; log sequence number 1840335
2017-01-11 18:09:19 3880 [Note] InnoDB: Dumping buffer pool(s) not yet started
2017-01-11 18:09:19 7160 [Note] Plugin 'FEEDBACK' is disabled.
2017-01-11 18:09:19 7160 [Note] Server socket created on IP: '::'.
2017-01-11 18:09:19 7160 [Note] d:\programowanie\strony\programy\xampp\mysql\bin\mysqld.exe: ready for connections.
Version: '10.1.19-MariaDB'  socket: ''  port: 3306  mariadb.org binary distribution
2017-01-12 01:10:52 1b38 InnoDB: Warning: Using innodb_additional_mem_pool_size is DEPRECATED. This option may be removed in future releases, together with the option innodb_use_sys_malloc and with the InnoDB's internal memory allocator.
2017-01-12  1:10:52 6968 [Note] InnoDB: innodb_empty_free_list_algorithm has been changed to legacy because of small buffer pool size. In order to use backoff, increase buffer pool at least up to 20MB.

2017-01-12  1:10:52 6968 [Note] InnoDB: Using mutexes to ref count buffer pool pages
2017-01-12  1:10:52 6968 [Note] InnoDB: The InnoDB memory heap is disabled
2017-01-12  1:10:52 6968 [Note] InnoDB: Mutexes and rw_locks use Windows interlocked functions
2017-01-12  1:10:52 6968 [Note] InnoDB: _mm_lfence() and _mm_sfence() are used for memory barrier
2017-01-12  1:10:52 6968 [Note] InnoDB: Compressed tables use zlib 1.2.3
2017-01-12  1:10:52 6968 [Note] InnoDB: Using generic crc32 instructions
2017-01-12  1:10:52 6968 [Note] InnoDB: Initializing buffer pool, size = 16.0M
2017-01-12  1:10:52 6968 [Note] InnoDB: Completed initialization of buffer pool
2017-01-12  1:10:52 6968 [Note] InnoDB: Highest supported file format is Barracuda.
2017-01-12  1:10:52 6968 [Note] InnoDB: The log sequence numbers 1835037 and 1835037 in ibdata files do not match the log sequence number 1840345 in the ib_logfiles!
2017-01-12  1:10:52 6968 [Note] InnoDB: Database was not shutdown normally!
2017-01-12  1:10:52 6968 [Note] InnoDB: Starting crash recovery.
2017-01-12  1:10:52 6968 [Note] InnoDB: Reading tablespace information from the .ibd files...
2017-01-12  1:10:52 6968 [Note] InnoDB: Restoring possible half-written data pages 
2017-01-12  1:10:52 6968 [Note] InnoDB: from the doublewrite buffer...
2017-01-12  1:10:57 6968 [Note] InnoDB: 128 rollback segment(s) are active.
2017-01-12  1:10:57 6968 [Note] InnoDB: Waiting for purge to start
2017-01-12  1:10:57 6968 [Note] InnoDB:  Percona XtraDB (http://www.percona.com) 5.6.32-79.0 started; log sequence number 1840345
2017-01-12  1:10:58 3168 [Note] InnoDB: Dumping buffer pool(s) not yet started
2017-01-12  1:10:58 6968 [Note] Plugin 'FEEDBACK' is disabled.
2017-01-12  1:10:58 6968 [Note] Server socket created on IP: '::'.
2017-01-12  1:10:58 6968 [Note] d:\programowanie\strony\programy\xampp\mysql\bin\mysqld.exe: ready for connections.
Version: '10.1.19-MariaDB'  socket: ''  port: 3306  mariadb.org binary distribution
2017-01-12 01:15:07 14a0 InnoDB: Warning: Using innodb_additional_mem_pool_size is DEPRECATED. This option may be removed in future releases, together with the option innodb_use_sys_malloc and with the InnoDB's internal memory allocator.
2017-01-12  1:15:07 5280 [Note] InnoDB: innodb_empty_free_list_algorithm has been changed to legacy because of small buffer pool size. In order to use backoff, increase buffer pool at least up to 20MB.

2017-01-12  1:15:07 5280 [Note] InnoDB: Using mutexes to ref count buffer pool pages
2017-01-12  1:15:07 5280 [Note] InnoDB: The InnoDB memory heap is disabled
2017-01-12  1:15:07 5280 [Note] InnoDB: Mutexes and rw_locks use Windows interlocked functions
2017-01-12  1:15:07 5280 [Note] InnoDB: _mm_lfence() and _mm_sfence() are used for memory barrier
2017-01-12  1:15:07 5280 [Note] InnoDB: Compressed tables use zlib 1.2.3
2017-01-12  1:15:07 5280 [Note] InnoDB: Using generic crc32 instructions
2017-01-12  1:15:07 5280 [Note] InnoDB: Initializing buffer pool, size = 16.0M
2017-01-12  1:15:07 5280 [Note] InnoDB: Completed initialization of buffer pool
2017-01-12  1:15:07 5280 [Note] InnoDB: Highest supported file format is Barracuda.
2017-01-12  1:15:07 5280 [Note] InnoDB: The log sequence numbers 1835037 and 1835037 in ibdata files do not match the log sequence number 1840355 in the ib_logfiles!
2017-01-12  1:15:07 5280 [Note] InnoDB: Database was not shutdown normally!
2017-01-12  1:15:07 5280 [Note] InnoDB: Starting crash recovery.
2017-01-12  1:15:07 5280 [Note] InnoDB: Reading tablespace information from the .ibd files...
2017-01-12  1:15:07 5280 [Note] InnoDB: Restoring possible half-written data pages 
2017-01-12  1:15:07 5280 [Note] InnoDB: from the doublewrite buffer...
2017-01-12  1:15:07 5280 [Note] InnoDB: 128 rollback segment(s) are active.
2017-01-12  1:15:07 5280 [Note] InnoDB: Waiting for purge to start
2017-01-12  1:15:07 5280 [Note] InnoDB:  Percona XtraDB (http://www.percona.com) 5.6.32-79.0 started; log sequence number 1840355
2017-01-12  1:15:07 7428 [Note] InnoDB: Dumping buffer pool(s) not yet started
2017-01-12  1:15:07 5280 [Note] Plugin 'FEEDBACK' is disabled.
2017-01-12  1:15:07 5280 [Note] Server socket created on IP: '::'.
2017-01-12  1:15:08 5280 [Note] d:\programowanie\strony\programy\xampp\mysql\bin\mysqld.exe: ready for connections.
Version: '10.1.19-MariaDB'  socket: ''  port: 3306  mariadb.org binary distribution
2017-01-25 20:19:01 21a0 InnoDB: Warning: Using innodb_additional_mem_pool_size is DEPRECATED. This option may be removed in future releases, together with the option innodb_use_sys_malloc and with the InnoDB's internal memory allocator.
2017-01-25 20:19:01 8608 [Note] InnoDB: innodb_empty_free_list_algorithm has been changed to legacy because of small buffer pool size. In order to use backoff, increase buffer pool at least up to 20MB.

2017-01-25 20:19:01 8608 [Note] InnoDB: Using mutexes to ref count buffer pool pages
2017-01-25 20:19:01 8608 [Note] InnoDB: The InnoDB memory heap is disabled
2017-01-25 20:19:01 8608 [Note] InnoDB: Mutexes and rw_locks use Windows interlocked functions
2017-01-25 20:19:01 8608 [Note] InnoDB: _mm_lfence() and _mm_sfence() are used for memory barrier
2017-01-25 20:19:01 8608 [Note] InnoDB: Compressed tables use zlib 1.2.3
2017-01-25 20:19:01 8608 [Note] InnoDB: Using generic crc32 instructions
2017-01-25 20:19:01 8608 [Note] InnoDB: Initializing buffer pool, size = 16.0M
2017-01-25 20:19:01 8608 [Note] InnoDB: Completed initialization of buffer pool
2017-01-25 20:19:01 8608 [Note] InnoDB: Highest supported file format is Barracuda.
2017-01-25 20:19:01 8608 [Note] InnoDB: The log sequence numbers 1835037 and 1835037 in ibdata files do not match the log sequence number 1840365 in the ib_logfiles!
2017-01-25 20:19:01 8608 [Note] InnoDB: Database was not shutdown normally!
2017-01-25 20:19:01 8608 [Note] InnoDB: Starting crash recovery.
2017-01-25 20:19:01 8608 [Note] InnoDB: Reading tablespace information from the .ibd files...
2017-01-25 20:19:01 8608 [Note] InnoDB: Restoring possible half-written data pages 
2017-01-25 20:19:01 8608 [Note] InnoDB: from the doublewrite buffer...
2017-01-25 20:19:03 8608 [Note] InnoDB: 128 rollback segment(s) are active.
2017-01-25 20:19:03 8608 [Note] InnoDB: Waiting for purge to start
2017-01-25 20:19:03 8608 [Note] InnoDB:  Percona XtraDB (http://www.percona.com) 5.6.32-79.0 started; log sequence number 1840365
2017-01-25 20:19:03 8444 [Note] InnoDB: Dumping buffer pool(s) not yet started
2017-01-25 20:19:03 8608 [Note] Plugin 'FEEDBACK' is disabled.
2017-01-25 20:19:03 8608 [Note] Server socket created on IP: '::'.
2017-01-25 20:19:04 8608 [Note] d:\programowanie\strony\programy\xampp\mysql\bin\mysqld.exe: ready for connections.
Version: '10.1.19-MariaDB'  socket: ''  port: 3306  mariadb.org binary distribution
2017-01-28 15:50:58 1188 InnoDB: Warning: Using innodb_additional_mem_pool_size is DEPRECATED. This option may be removed in future releases, together with the option innodb_use_sys_malloc and with the InnoDB's internal memory allocator.
2017-01-28 15:50:58 4488 [Note] InnoDB: innodb_empty_free_list_algorithm has been changed to legacy because of small buffer pool size. In order to use backoff, increase buffer pool at least up to 20MB.

2017-01-28 15:50:58 4488 [Note] InnoDB: Using mutexes to ref count buffer pool pages
2017-01-28 15:50:58 4488 [Note] InnoDB: The InnoDB memory heap is disabled
2017-01-28 15:50:58 4488 [Note] InnoDB: Mutexes and rw_locks use Windows interlocked functions
2017-01-28 15:50:58 4488 [Note] InnoDB: _mm_lfence() and _mm_sfence() are used for memory barrier
2017-01-28 15:50:58 4488 [Note] InnoDB: Compressed tables use zlib 1.2.3
2017-01-28 15:50:58 4488 [Note] InnoDB: Using generic crc32 instructions
2017-01-28 15:50:58 4488 [Note] InnoDB: Initializing buffer pool, size = 16.0M
2017-01-28 15:50:58 4488 [Note] InnoDB: Completed initialization of buffer pool
2017-01-28 15:50:58 4488 [Note] InnoDB: Highest supported file format is Barracuda.
2017-01-28 15:50:58 4488 [Note] InnoDB: The log sequence numbers 1835037 and 1835037 in ibdata files do not match the log sequence number 1840375 in the ib_logfiles!
2017-01-28 15:50:58 4488 [Note] InnoDB: Database was not shutdown normally!
2017-01-28 15:50:58 4488 [Note] InnoDB: Starting crash recovery.
2017-01-28 15:50:58 4488 [Note] InnoDB: Reading tablespace information from the .ibd files...
2017-01-28 15:50:58 4488 [Note] InnoDB: Restoring possible half-written data pages 
2017-01-28 15:50:58 4488 [Note] InnoDB: from the doublewrite buffer...
2017-01-28 15:51:00 4488 [Note] InnoDB: 128 rollback segment(s) are active.
2017-01-28 15:51:00 4488 [Note] InnoDB: Waiting for purge to start
2017-01-28 15:51:00 4488 [Note] InnoDB:  Percona XtraDB (http://www.percona.com) 5.6.32-79.0 started; log sequence number 1840375
2017-01-28 15:51:00 4940 [Note] InnoDB: Dumping buffer pool(s) not yet started
2017-01-28 15:51:00 4488 [Note] Plugin 'FEEDBACK' is disabled.
2017-01-28 15:51:00 4488 [Note] Server socket created on IP: '::'.
2017-01-28 15:51:00 4488 [Note] d:\programowanie\strony\programy\xampp\mysql\bin\mysqld.exe: ready for connections.
Version: '10.1.19-MariaDB'  socket: ''  port: 3306  mariadb.org binary distribution
2017-01-30 23:16:35 12f0 InnoDB: Warning: Using innodb_additional_mem_pool_size is DEPRECATED. This option may be removed in future releases, together with the option innodb_use_sys_malloc and with the InnoDB's internal memory allocator.
2017-01-30 23:16:35 4848 [Note] InnoDB: innodb_empty_free_list_algorithm has been changed to legacy because of small buffer pool size. In order to use backoff, increase buffer pool at least up to 20MB.

2017-01-30 23:16:35 4848 [Note] InnoDB: Using mutexes to ref count buffer pool pages
2017-01-30 23:16:35 4848 [Note] InnoDB: The InnoDB memory heap is disabled
2017-01-30 23:16:35 4848 [Note] InnoDB: Mutexes and rw_locks use Windows interlocked functions
2017-01-30 23:16:35 4848 [Note] InnoDB: _mm_lfence() and _mm_sfence() are used for memory barrier
2017-01-30 23:16:35 4848 [Note] InnoDB: Compressed tables use zlib 1.2.3
2017-01-30 23:16:35 4848 [Note] InnoDB: Using generic crc32 instructions
2017-01-30 23:16:35 4848 [Note] InnoDB: Initializing buffer pool, size = 16.0M
2017-01-30 23:16:35 4848 [Note] InnoDB: Completed initialization of buffer pool
2017-01-30 23:16:35 4848 [Note] InnoDB: Highest supported file format is Barracuda.
2017-01-30 23:16:35 4848 [Note] InnoDB: The log sequence numbers 1835037 and 1835037 in ibdata files do not match the log sequence number 1840385 in the ib_logfiles!
2017-01-30 23:16:35 4848 [Note] InnoDB: Database was not shutdown normally!
2017-01-30 23:16:35 4848 [Note] InnoDB: Starting crash recovery.
2017-01-30 23:16:35 4848 [Note] InnoDB: Reading tablespace information from the .ibd files...
2017-01-30 23:16:36 4848 [Note] InnoDB: Restoring possible half-written data pages 
2017-01-30 23:16:36 4848 [Note] InnoDB: from the doublewrite buffer...
2017-01-30 23:16:38 4848 [Note] InnoDB: 128 rollback segment(s) are active.
2017-01-30 23:16:38 4848 [Note] InnoDB: Waiting for purge to start
2017-01-30 23:16:38 4848 [Note] InnoDB:  Percona XtraDB (http://www.percona.com) 5.6.32-79.0 started; log sequence number 1840385
2017-01-30 23:16:38 8064 [Note] InnoDB: Dumping buffer pool(s) not yet started
2017-01-30 23:16:39 4848 [Note] Plugin 'FEEDBACK' is disabled.
2017-01-30 23:16:39 4848 [Note] Server socket created on IP: '::'.
2017-01-30 23:16:39 4848 [Note] d:\programowanie\strony\programy\xampp\mysql\bin\mysqld.exe: ready for connections.
Version: '10.1.19-MariaDB'  socket: ''  port: 3306  mariadb.org binary distribution
2017-02-02 12:16:11 448 InnoDB: Warning: Using innodb_additional_mem_pool_size is DEPRECATED. This option may be removed in future releases, together with the option innodb_use_sys_malloc and with the InnoDB's internal memory allocator.
2017-02-02 12:16:11 1096 [Note] InnoDB: innodb_empty_free_list_algorithm has been changed to legacy because of small buffer pool size. In order to use backoff, increase buffer pool at least up to 20MB.

2017-02-02 12:16:12 1096 [Note] InnoDB: Using mutexes to ref count buffer pool pages
2017-02-02 12:16:12 1096 [Note] InnoDB: The InnoDB memory heap is disabled
2017-02-02 12:16:12 1096 [Note] InnoDB: Mutexes and rw_locks use Windows interlocked functions
2017-02-02 12:16:12 1096 [Note] InnoDB: _mm_lfence() and _mm_sfence() are used for memory barrier
2017-02-02 12:16:12 1096 [Note] InnoDB: Compressed tables use zlib 1.2.3
2017-02-02 12:16:12 1096 [Note] InnoDB: Using generic crc32 instructions
2017-02-02 12:16:12 1096 [Note] InnoDB: Initializing buffer pool, size = 16.0M
2017-02-02 12:16:12 1096 [Note] InnoDB: Completed initialization of buffer pool
2017-02-02 12:16:12 1096 [Note] InnoDB: Highest supported file format is Barracuda.
2017-02-02 12:16:12 1096 [Note] InnoDB: The log sequence numbers 1835037 and 1835037 in ibdata files do not match the log sequence number 1840395 in the ib_logfiles!
2017-02-02 12:16:12 1096 [Note] InnoDB: Database was not shutdown normally!
2017-02-02 12:16:12 1096 [Note] InnoDB: Starting crash recovery.
2017-02-02 12:16:12 1096 [Note] InnoDB: Reading tablespace information from the .ibd files...
2017-02-02 12:16:13 1096 [Note] InnoDB: Restoring possible half-written data pages 
2017-02-02 12:16:13 1096 [Note] InnoDB: from the doublewrite buffer...
2017-02-02 12:16:15 1096 [Note] InnoDB: 128 rollback segment(s) are active.
2017-02-02 12:16:15 1096 [Note] InnoDB: Waiting for purge to start
2017-02-02 12:16:15 1096 [Note] InnoDB:  Percona XtraDB (http://www.percona.com) 5.6.32-79.0 started; log sequence number 1840395
2017-02-02 12:16:16 8980 [Note] InnoDB: Dumping buffer pool(s) not yet started
2017-02-02 12:16:16 1096 [Note] Plugin 'FEEDBACK' is disabled.
2017-02-02 12:16:16 1096 [Note] Server socket created on IP: '::'.
2017-02-02 12:16:16 1096 [Note] d:\programowanie\strony\programy\xampp\mysql\bin\mysqld.exe: ready for connections.
Version: '10.1.19-MariaDB'  socket: ''  port: 3306  mariadb.org binary distribution
2017-02-09 19:26:54 1b7c InnoDB: Warning: Using innodb_additional_mem_pool_size is DEPRECATED. This option may be removed in future releases, together with the option innodb_use_sys_malloc and with the InnoDB's internal memory allocator.
2017-02-09 19:26:54 7036 [Note] InnoDB: innodb_empty_free_list_algorithm has been changed to legacy because of small buffer pool size. In order to use backoff, increase buffer pool at least up to 20MB.

2017-02-09 19:26:54 7036 [Note] InnoDB: Using mutexes to ref count buffer pool pages
2017-02-09 19:26:54 7036 [Note] InnoDB: The InnoDB memory heap is disabled
2017-02-09 19:26:54 7036 [Note] InnoDB: Mutexes and rw_locks use Windows interlocked functions
2017-02-09 19:26:54 7036 [Note] InnoDB: _mm_lfence() and _mm_sfence() are used for memory barrier
2017-02-09 19:26:54 7036 [Note] InnoDB: Compressed tables use zlib 1.2.3
2017-02-09 19:26:54 7036 [Note] InnoDB: Using generic crc32 instructions
2017-02-09 19:26:54 7036 [Note] InnoDB: Initializing buffer pool, size = 16.0M
2017-02-09 19:26:54 7036 [Note] InnoDB: Completed initialization of buffer pool
2017-02-09 19:26:54 7036 [Note] InnoDB: Highest supported file format is Barracuda.
2017-02-09 19:26:55 7036 [Note] InnoDB: The log sequence numbers 1835037 and 1835037 in ibdata files do not match the log sequence number 1841557 in the ib_logfiles!
2017-02-09 19:26:55 7036 [Note] InnoDB: Database was not shutdown normally!
2017-02-09 19:26:55 7036 [Note] InnoDB: Starting crash recovery.
2017-02-09 19:26:55 7036 [Note] InnoDB: Reading tablespace information from the .ibd files...
2017-02-09 19:26:55 7036 [Note] InnoDB: Restoring possible half-written data pages 
2017-02-09 19:26:55 7036 [Note] InnoDB: from the doublewrite buffer...
2017-02-09 19:26:58 7036 [Note] InnoDB: 128 rollback segment(s) are active.
2017-02-09 19:26:58 7036 [Note] InnoDB: Waiting for purge to start
2017-02-09 19:26:58 7036 [Note] InnoDB:  Percona XtraDB (http://www.percona.com) 5.6.32-79.0 started; log sequence number 1841557
2017-02-09 19:26:58 1696 [Note] InnoDB: Dumping buffer pool(s) not yet started
2017-02-09 19:26:58 7036 [Note] Plugin 'FEEDBACK' is disabled.
2017-02-09 19:26:58 7036 [Note] Server socket created on IP: '::'.
2017-02-09 19:26:58 7036 [ERROR] mysqld.exe: Table '.\mysql\db' is marked as crashed and should be repaired
2017-02-09 19:26:58 7036 [Warning] Checking table:   '.\mysql\db'
2017-02-09 19:26:58 7036 [ERROR] mysql.db: 1 client is using or hasn't closed the table properly
2017-02-09 19:26:59 7036 [ERROR] mysqld.exe: Table '.\mysql\tables_priv' is marked as crashed and should be repaired
2017-02-09 19:26:59 7036 [Warning] Checking table:   '.\mysql\tables_priv'
2017-02-09 19:26:59 7036 [ERROR] mysql.tables_priv: 1 client is using or hasn't closed the table properly
2017-02-09 19:26:59 7036 [ERROR] mysqld.exe: Table '.\mysql\columns_priv' is marked as crashed and should be repaired
2017-02-09 19:26:59 7036 [Warning] Checking table:   '.\mysql\columns_priv'
2017-02-09 19:26:59 7036 [ERROR] mysql.columns_priv: 1 client is using or hasn't closed the table properly
2017-02-09 19:26:59 7036 [ERROR] mysqld.exe: Table '.\mysql\procs_priv' is marked as crashed and should be repaired
2017-02-09 19:26:59 7036 [Warning] Checking table:   '.\mysql\procs_priv'
2017-02-09 19:26:59 7036 [ERROR] mysql.procs_priv: 1 client is using or hasn't closed the table properly
2017-02-09 19:26:59 7036 [Note] d:\programowanie\strony\programy\xampp\mysql\bin\mysqld.exe: ready for connections.
Version: '10.1.19-MariaDB'  socket: ''  port: 3306  mariadb.org binary distribution
2017-02-12 19:56:45 2c4 InnoDB: Warning: Using innodb_additional_mem_pool_size is DEPRECATED. This option may be removed in future releases, together with the option innodb_use_sys_malloc and with the InnoDB's internal memory allocator.
2017-02-12 19:56:45 708 [Note] InnoDB: innodb_empty_free_list_algorithm has been changed to legacy because of small buffer pool size. In order to use backoff, increase buffer pool at least up to 20MB.

2017-02-12 19:56:45 708 [Note] InnoDB: Using mutexes to ref count buffer pool pages
2017-02-12 19:56:45 708 [Note] InnoDB: The InnoDB memory heap is disabled
2017-02-12 19:56:45 708 [Note] InnoDB: Mutexes and rw_locks use Windows interlocked functions
2017-02-12 19:56:45 708 [Note] InnoDB: _mm_lfence() and _mm_sfence() are used for memory barrier
2017-02-12 19:56:45 708 [Note] InnoDB: Compressed tables use zlib 1.2.3
2017-02-12 19:56:45 708 [Note] InnoDB: Using generic crc32 instructions
2017-02-12 19:56:45 708 [Note] InnoDB: Initializing buffer pool, size = 16.0M
2017-02-12 19:56:45 708 [Note] InnoDB: Completed initialization of buffer pool
2017-02-12 19:56:46 708 [Note] InnoDB: Highest supported file format is Barracuda.
2017-02-12 19:56:46 708 [Note] InnoDB: The log sequence numbers 1835037 and 1835037 in ibdata files do not match the log sequence number 4542203 in the ib_logfiles!
2017-02-12 19:56:46 708 [Note] InnoDB: Database was not shutdown normally!
2017-02-12 19:56:46 708 [Note] InnoDB: Starting crash recovery.
2017-02-12 19:56:46 708 [Note] InnoDB: Reading tablespace information from the .ibd files...
2017-02-12 19:56:47 708 [Note] InnoDB: Restoring possible half-written data pages 
2017-02-12 19:56:47 708 [Note] InnoDB: from the doublewrite buffer...
2017-02-12 19:56:50 708 [Note] InnoDB: 128 rollback segment(s) are active.
2017-02-12 19:56:50 708 [Note] InnoDB: Waiting for purge to start
2017-02-12 19:56:50 708 [Note] InnoDB:  Percona XtraDB (http://www.percona.com) 5.6.32-79.0 started; log sequence number 4542203
2017-02-12 19:56:51 4388 [Note] InnoDB: Dumping buffer pool(s) not yet started
2017-02-12 19:56:51 708 [Note] Plugin 'FEEDBACK' is disabled.
2017-02-12 19:56:51 708 [Note] Server socket created on IP: '::'.
2017-02-12 19:56:51 708 [ERROR] mysqld.exe: Table '.\mysql\user' is marked as crashed and should be repaired
2017-02-12 19:56:51 708 [Warning] Checking table:   '.\mysql\user'
2017-02-12 19:56:51 708 [ERROR] mysql.user: 1 client is using or hasn't closed the table properly
2017-02-12 19:56:51 708 [ERROR] mysqld.exe: Table '.\mysql\db' is marked as crashed and should be repaired
2017-02-12 19:56:51 708 [Warning] Checking table:   '.\mysql\db'
2017-02-12 19:56:51 708 [ERROR] mysql.db: 1 client is using or hasn't closed the table properly
2017-02-12 19:56:51 708 [ERROR] mysqld.exe: Table '.\mysql\tables_priv' is marked as crashed and should be repaired
2017-02-12 19:56:51 708 [Warning] Checking table:   '.\mysql\tables_priv'
2017-02-12 19:56:51 708 [ERROR] mysql.tables_priv: 1 client is using or hasn't closed the table properly
2017-02-12 19:56:51 708 [ERROR] mysqld.exe: Table '.\mysql\columns_priv' is marked as crashed and should be repaired
2017-02-12 19:56:51 708 [Warning] Checking table:   '.\mysql\columns_priv'
2017-02-12 19:56:51 708 [ERROR] mysql.columns_priv: 1 client is using or hasn't closed the table properly
2017-02-12 19:56:51 708 [ERROR] mysqld.exe: Table '.\mysql\procs_priv' is marked as crashed and should be repaired
2017-02-12 19:56:51 708 [Warning] Checking table:   '.\mysql\procs_priv'
2017-02-12 19:56:51 708 [ERROR] mysql.procs_priv: 1 client is using or hasn't closed the table properly
2017-02-12 19:56:51 708 [Note] d:\programowanie\strony\programy\xampp\mysql\bin\mysqld.exe: ready for connections.
Version: '10.1.19-MariaDB'  socket: ''  port: 3306  mariadb.org binary distribution
2017-02-13 17:26:10 1160 InnoDB: Warning: Using innodb_additional_mem_pool_size is DEPRECATED. This option may be removed in future releases, together with the option innodb_use_sys_malloc and with the InnoDB's internal memory allocator.
2017-02-13 17:26:10 4448 [Note] InnoDB: innodb_empty_free_list_algorithm has been changed to legacy because of small buffer pool size. In order to use backoff, increase buffer pool at least up to 20MB.

2017-02-13 17:26:10 4448 [Note] InnoDB: Using mutexes to ref count buffer pool pages
2017-02-13 17:26:10 4448 [Note] InnoDB: The InnoDB memory heap is disabled
2017-02-13 17:26:10 4448 [Note] InnoDB: Mutexes and rw_locks use Windows interlocked functions
2017-02-13 17:26:10 4448 [Note] InnoDB: _mm_lfence() and _mm_sfence() are used for memory barrier
2017-02-13 17:26:10 4448 [Note] InnoDB: Compressed tables use zlib 1.2.3
2017-02-13 17:26:10 4448 [Note] InnoDB: Using generic crc32 instructions
2017-02-13 17:26:10 4448 [Note] InnoDB: Initializing buffer pool, size = 16.0M
2017-02-13 17:26:10 4448 [Note] InnoDB: Completed initialization of buffer pool
2017-02-13 17:26:11 4448 [Note] InnoDB: Highest supported file format is Barracuda.
2017-02-13 17:26:11 4448 [Note] InnoDB: The log sequence numbers 1835037 and 1835037 in ibdata files do not match the log sequence number 4590191 in the ib_logfiles!
2017-02-13 17:26:11 4448 [Note] InnoDB: Database was not shutdown normally!
2017-02-13 17:26:11 4448 [Note] InnoDB: Starting crash recovery.
2017-02-13 17:26:11 4448 [Note] InnoDB: Reading tablespace information from the .ibd files...
2017-02-13 17:26:13 4448 [Note] InnoDB: Restoring possible half-written data pages 
2017-02-13 17:26:13 4448 [Note] InnoDB: from the doublewrite buffer...
2017-02-13 17:26:15 4448 [Note] InnoDB: 128 rollback segment(s) are active.
2017-02-13 17:26:15 4448 [Note] InnoDB: Waiting for purge to start
2017-02-13 17:26:15 4448 [Note] InnoDB:  Percona XtraDB (http://www.percona.com) 5.6.32-79.0 started; log sequence number 4590191
2017-02-13 17:26:16 7376 [Note] InnoDB: Dumping buffer pool(s) not yet started
2017-02-13 17:26:16 4448 [Note] Plugin 'FEEDBACK' is disabled.
2017-02-13 17:26:16 4448 [Note] Server socket created on IP: '::'.
2017-02-13 17:26:16 4448 [Note] d:\programowanie\strony\programy\xampp\mysql\bin\mysqld.exe: ready for connections.
Version: '10.1.19-MariaDB'  socket: ''  port: 3306  mariadb.org binary distribution
2017-02-19 21:00:44 16f8 InnoDB: Warning: Using innodb_additional_mem_pool_size is DEPRECATED. This option may be removed in future releases, together with the option innodb_use_sys_malloc and with the InnoDB's internal memory allocator.
2017-02-19 21:00:44 5880 [Note] InnoDB: innodb_empty_free_list_algorithm has been changed to legacy because of small buffer pool size. In order to use backoff, increase buffer pool at least up to 20MB.

2017-02-19 21:00:45 5880 [Note] InnoDB: Using mutexes to ref count buffer pool pages
2017-02-19 21:00:45 5880 [Note] InnoDB: The InnoDB memory heap is disabled
2017-02-19 21:00:45 5880 [Note] InnoDB: Mutexes and rw_locks use Windows interlocked functions
2017-02-19 21:00:45 5880 [Note] InnoDB: _mm_lfence() and _mm_sfence() are used for memory barrier
2017-02-19 21:00:45 5880 [Note] InnoDB: Compressed tables use zlib 1.2.3
2017-02-19 21:00:45 5880 [Note] InnoDB: Using generic crc32 instructions
2017-02-19 21:00:45 5880 [Note] InnoDB: Initializing buffer pool, size = 16.0M
2017-02-19 21:00:45 5880 [Note] InnoDB: Completed initialization of buffer pool
2017-02-19 21:00:45 5880 [Note] InnoDB: Highest supported file format is Barracuda.
2017-02-19 21:00:45 5880 [Note] InnoDB: The log sequence numbers 1835037 and 1835037 in ibdata files do not match the log sequence number 4629493 in the ib_logfiles!
2017-02-19 21:00:45 5880 [Note] InnoDB: Database was not shutdown normally!
2017-02-19 21:00:45 5880 [Note] InnoDB: Starting crash recovery.
2017-02-19 21:00:45 5880 [Note] InnoDB: Reading tablespace information from the .ibd files...
2017-02-19 21:00:45 5880 [Note] InnoDB: Restoring possible half-written data pages 
2017-02-19 21:00:45 5880 [Note] InnoDB: from the doublewrite buffer...
2017-02-19 21:00:47 5880 [Note] InnoDB: 128 rollback segment(s) are active.
2017-02-19 21:00:47 5880 [Note] InnoDB: Waiting for purge to start
2017-02-19 21:00:48 5880 [Note] InnoDB:  Percona XtraDB (http://www.percona.com) 5.6.32-79.0 started; log sequence number 4629493
2017-02-19 21:00:48 6992 [Note] InnoDB: Dumping buffer pool(s) not yet started
2017-02-19 21:00:48 5880 [Note] Plugin 'FEEDBACK' is disabled.
2017-02-19 21:00:48 5880 [Note] Server socket created on IP: '::'.
2017-02-19 21:00:48 5880 [Note] d:\programowanie\strony\programy\xampp\mysql\bin\mysqld.exe: ready for connections.
Version: '10.1.19-MariaDB'  socket: ''  port: 3306  mariadb.org binary distribution
2017-03-07 23:15:47 2854 InnoDB: Warning: Using innodb_additional_mem_pool_size is DEPRECATED. This option may be removed in future releases, together with the option innodb_use_sys_malloc and with the InnoDB's internal memory allocator.
2017-03-07 23:15:47 10324 [Note] InnoDB: innodb_empty_free_list_algorithm has been changed to legacy because of small buffer pool size. In order to use backoff, increase buffer pool at least up to 20MB.

2017-03-07 23:15:47 10324 [Note] InnoDB: Using mutexes to ref count buffer pool pages
2017-03-07 23:15:47 10324 [Note] InnoDB: The InnoDB memory heap is disabled
2017-03-07 23:15:47 10324 [Note] InnoDB: Mutexes and rw_locks use Windows interlocked functions
2017-03-07 23:15:47 10324 [Note] InnoDB: _mm_lfence() and _mm_sfence() are used for memory barrier
2017-03-07 23:15:47 10324 [Note] InnoDB: Compressed tables use zlib 1.2.3
2017-03-07 23:15:47 10324 [Note] InnoDB: Using generic crc32 instructions
2017-03-07 23:15:47 10324 [Note] InnoDB: Initializing buffer pool, size = 16.0M
2017-03-07 23:15:47 10324 [Note] InnoDB: Completed initialization of buffer pool
2017-03-07 23:15:48 10324 [Note] InnoDB: Highest supported file format is Barracuda.
2017-03-07 23:15:48 10324 [Note] InnoDB: The log sequence numbers 1835037 and 1835037 in ibdata files do not match the log sequence number 4746895 in the ib_logfiles!
2017-03-07 23:15:48 10324 [Note] InnoDB: Database was not shutdown normally!
2017-03-07 23:15:48 10324 [Note] InnoDB: Starting crash recovery.
2017-03-07 23:15:48 10324 [Note] InnoDB: Reading tablespace information from the .ibd files...
2017-03-07 23:15:52 10324 [Note] InnoDB: Restoring possible half-written data pages 
2017-03-07 23:15:52 10324 [Note] InnoDB: from the doublewrite buffer...
2017-03-07 23:15:57 10324 [Note] InnoDB: 128 rollback segment(s) are active.
2017-03-07 23:15:57 10324 [Note] InnoDB: Waiting for purge to start
2017-03-07 23:15:57 10324 [Note] InnoDB:  Percona XtraDB (http://www.percona.com) 5.6.32-79.0 started; log sequence number 4746895
2017-03-07 23:15:57 2936 [Note] InnoDB: Dumping buffer pool(s) not yet started
2017-03-07 23:15:57 10324 [Note] Plugin 'FEEDBACK' is disabled.
2017-03-07 23:15:57 10324 [Note] Server socket created on IP: '::'.
2017-03-07 23:15:59 10324 [Note] d:\programowanie\strony\programy\xampp\mysql\bin\mysqld.exe: ready for connections.
Version: '10.1.19-MariaDB'  socket: ''  port: 3306  mariadb.org binary distribution
2017-03-09 23:38:06 2dec InnoDB: Warning: Using innodb_additional_mem_pool_size is DEPRECATED. This option may be removed in future releases, together with the option innodb_use_sys_malloc and with the InnoDB's internal memory allocator.
2017-03-09 23:38:06 11756 [Note] InnoDB: innodb_empty_free_list_algorithm has been changed to legacy because of small buffer pool size. In order to use backoff, increase buffer pool at least up to 20MB.

2017-03-09 23:38:06 11756 [Note] InnoDB: Using mutexes to ref count buffer pool pages
2017-03-09 23:38:06 11756 [Note] InnoDB: The InnoDB memory heap is disabled
2017-03-09 23:38:06 11756 [Note] InnoDB: Mutexes and rw_locks use Windows interlocked functions
2017-03-09 23:38:06 11756 [Note] InnoDB: _mm_lfence() and _mm_sfence() are used for memory barrier
2017-03-09 23:38:06 11756 [Note] InnoDB: Compressed tables use zlib 1.2.3
2017-03-09 23:38:06 11756 [Note] InnoDB: Using generic crc32 instructions
2017-03-09 23:38:06 11756 [Note] InnoDB: Initializing buffer pool, size = 16.0M
2017-03-09 23:38:06 11756 [Note] InnoDB: Completed initialization of buffer pool
2017-03-09 23:38:06 11756 [Note] InnoDB: Highest supported file format is Barracuda.
2017-03-09 23:38:06 11756 [Note] InnoDB: The log sequence numbers 1835037 and 1835037 in ibdata files do not match the log sequence number 4797053 in the ib_logfiles!
2017-03-09 23:38:06 11756 [Note] InnoDB: Database was not shutdown normally!
2017-03-09 23:38:06 11756 [Note] InnoDB: Starting crash recovery.
2017-03-09 23:38:06 11756 [Note] InnoDB: Reading tablespace information from the .ibd files...
2017-03-09 23:38:08 11756 [Note] InnoDB: Restoring possible half-written data pages 
2017-03-09 23:38:08 11756 [Note] InnoDB: from the doublewrite buffer...
2017-03-09 23:38:11 11756 [Note] InnoDB: 128 rollback segment(s) are active.
2017-03-09 23:38:11 11756 [Note] InnoDB: Waiting for purge to start
2017-03-09 23:38:11 11756 [Note] InnoDB:  Percona XtraDB (http://www.percona.com) 5.6.32-79.0 started; log sequence number 4797053
2017-03-09 23:38:12 12844 [Note] InnoDB: Dumping buffer pool(s) not yet started
2017-03-09 23:38:12 11756 [Note] Plugin 'FEEDBACK' is disabled.
2017-03-09 23:38:12 11756 [Note] Server socket created on IP: '::'.
2017-03-09 23:38:12 11756 [ERROR] mysqld.exe: Table '.\mysql\db' is marked as crashed and should be repaired
2017-03-09 23:38:12 11756 [Warning] Checking table:   '.\mysql\db'
2017-03-09 23:38:12 11756 [ERROR] mysql.db: 1 client is using or hasn't closed the table properly
2017-03-09 23:38:13 11756 [ERROR] mysqld.exe: Table '.\mysql\tables_priv' is marked as crashed and should be repaired
2017-03-09 23:38:13 11756 [Warning] Checking table:   '.\mysql\tables_priv'
2017-03-09 23:38:13 11756 [ERROR] mysql.tables_priv: 1 client is using or hasn't closed the table properly
2017-03-09 23:38:13 11756 [ERROR] mysqld.exe: Table '.\mysql\columns_priv' is marked as crashed and should be repaired
2017-03-09 23:38:13 11756 [Warning] Checking table:   '.\mysql\columns_priv'
2017-03-09 23:38:13 11756 [ERROR] mysql.columns_priv: 1 client is using or hasn't closed the table properly
2017-03-09 23:38:13 11756 [ERROR] mysqld.exe: Table '.\mysql\procs_priv' is marked as crashed and should be repaired
2017-03-09 23:38:13 11756 [Warning] Checking table:   '.\mysql\procs_priv'
2017-03-09 23:38:13 11756 [ERROR] mysql.procs_priv: 1 client is using or hasn't closed the table properly
2017-03-09 23:38:14 11756 [Note] d:\programowanie\strony\programy\xampp\mysql\bin\mysqld.exe: ready for connections.
Version: '10.1.19-MariaDB'  socket: ''  port: 3306  mariadb.org binary distribution
2017-03-23 21:02:54 3f64 InnoDB: Warning: Using innodb_additional_mem_pool_size is DEPRECATED. This option may be removed in future releases, together with the option innodb_use_sys_malloc and with the InnoDB's internal memory allocator.
2017-03-23 21:02:54 16228 [Note] InnoDB: innodb_empty_free_list_algorithm has been changed to legacy because of small buffer pool size. In order to use backoff, increase buffer pool at least up to 20MB.

2017-03-23 21:02:54 16228 [Note] InnoDB: Using mutexes to ref count buffer pool pages
2017-03-23 21:02:54 16228 [Note] InnoDB: The InnoDB memory heap is disabled
2017-03-23 21:02:54 16228 [Note] InnoDB: Mutexes and rw_locks use Windows interlocked functions
2017-03-23 21:02:54 16228 [Note] InnoDB: _mm_lfence() and _mm_sfence() are used for memory barrier
2017-03-23 21:02:54 16228 [Note] InnoDB: Compressed tables use zlib 1.2.3
2017-03-23 21:02:54 16228 [Note] InnoDB: Using generic crc32 instructions
2017-03-23 21:02:54 16228 [Note] InnoDB: Initializing buffer pool, size = 16.0M
2017-03-23 21:02:54 16228 [Note] InnoDB: Completed initialization of buffer pool
2017-03-23 21:02:54 16228 [Note] InnoDB: Highest supported file format is Barracuda.
2017-03-23 21:02:54 16228 [Note] InnoDB: The log sequence numbers 1835037 and 1835037 in ibdata files do not match the log sequence number 6421642 in the ib_logfiles!
2017-03-23 21:02:54 16228 [Note] InnoDB: Database was not shutdown normally!
2017-03-23 21:02:54 16228 [Note] InnoDB: Starting crash recovery.
2017-03-23 21:02:54 16228 [Note] InnoDB: Reading tablespace information from the .ibd files...
2017-03-23 21:02:57 16228 [Note] InnoDB: Restoring possible half-written data pages 
2017-03-23 21:02:57 16228 [Note] InnoDB: from the doublewrite buffer...
2017-03-23 21:03:01 16228 [Note] InnoDB: 128 rollback segment(s) are active.
2017-03-23 21:03:01 16228 [Note] InnoDB: Waiting for purge to start
2017-03-23 21:03:01 16228 [Note] InnoDB:  Percona XtraDB (http://www.percona.com) 5.6.32-79.0 started; log sequence number 6421642
2017-03-23 21:03:02 12368 [Note] InnoDB: Dumping buffer pool(s) not yet started
2017-03-23 21:03:02 16228 [Note] Plugin 'FEEDBACK' is disabled.
2017-03-23 21:03:02 16228 [Note] Server socket created on IP: '::'.
2017-03-23 21:03:02 16228 [ERROR] mysqld.exe: Table '.\mysql\user' is marked as crashed and should be repaired
2017-03-23 21:03:02 16228 [Warning] Checking table:   '.\mysql\user'
2017-03-23 21:03:02 16228 [ERROR] mysql.user: 1 client is using or hasn't closed the table properly
2017-03-23 21:03:02 16228 [ERROR] mysqld.exe: Table '.\mysql\db' is marked as crashed and should be repaired
2017-03-23 21:03:02 16228 [Warning] Checking table:   '.\mysql\db'
2017-03-23 21:03:02 16228 [ERROR] mysql.db: 1 client is using or hasn't closed the table properly
2017-03-23 21:03:02 16228 [ERROR] mysqld.exe: Table '.\mysql\tables_priv' is marked as crashed and should be repaired
2017-03-23 21:03:02 16228 [Warning] Checking table:   '.\mysql\tables_priv'
2017-03-23 21:03:02 16228 [ERROR] mysql.tables_priv: 1 client is using or hasn't closed the table properly
2017-03-23 21:03:02 16228 [ERROR] mysqld.exe: Table '.\mysql\columns_priv' is marked as crashed and should be repaired
2017-03-23 21:03:02 16228 [Warning] Checking table:   '.\mysql\columns_priv'
2017-03-23 21:03:02 16228 [ERROR] mysql.columns_priv: 1 client is using or hasn't closed the table properly
2017-03-23 21:03:02 16228 [ERROR] mysqld.exe: Table '.\mysql\procs_priv' is marked as crashed and should be repaired
2017-03-23 21:03:02 16228 [Warning] Checking table:   '.\mysql\procs_priv'
2017-03-23 21:03:02 16228 [ERROR] mysql.procs_priv: 1 client is using or hasn't closed the table properly
2017-03-23 21:03:02 16228 [Note] d:\programowanie\strony\programy\xampp\mysql\bin\mysqld.exe: ready for connections.
Version: '10.1.19-MariaDB'  socket: ''  port: 3306  mariadb.org binary distribution
2017-03-30 11:54:13 18dc InnoDB: Warning: Using innodb_additional_mem_pool_size is DEPRECATED. This option may be removed in future releases, together with the option innodb_use_sys_malloc and with the InnoDB's internal memory allocator.
2017-03-30 11:54:13 6364 [Note] InnoDB: innodb_empty_free_list_algorithm has been changed to legacy because of small buffer pool size. In order to use backoff, increase buffer pool at least up to 20MB.

2017-03-30 11:54:13 6364 [Note] InnoDB: Using mutexes to ref count buffer pool pages
2017-03-30 11:54:13 6364 [Note] InnoDB: The InnoDB memory heap is disabled
2017-03-30 11:54:13 6364 [Note] InnoDB: Mutexes and rw_locks use Windows interlocked functions
2017-03-30 11:54:13 6364 [Note] InnoDB: _mm_lfence() and _mm_sfence() are used for memory barrier
2017-03-30 11:54:13 6364 [Note] InnoDB: Compressed tables use zlib 1.2.3
2017-03-30 11:54:13 6364 [Note] InnoDB: Using generic crc32 instructions
2017-03-30 11:54:13 6364 [Note] InnoDB: Initializing buffer pool, size = 16.0M
2017-03-30 11:54:13 6364 [Note] InnoDB: Completed initialization of buffer pool
2017-03-30 11:54:13 6364 [Note] InnoDB: Highest supported file format is Barracuda.
2017-03-30 11:54:13 6364 [Note] InnoDB: The log sequence numbers 1835037 and 1835037 in ibdata files do not match the log sequence number 6529889 in the ib_logfiles!
2017-03-30 11:54:13 6364 [Note] InnoDB: Database was not shutdown normally!
2017-03-30 11:54:13 6364 [Note] InnoDB: Starting crash recovery.
2017-03-30 11:54:13 6364 [Note] InnoDB: Reading tablespace information from the .ibd files...
2017-03-30 11:54:16 6364 [Note] InnoDB: Restoring possible half-written data pages 
2017-03-30 11:54:16 6364 [Note] InnoDB: from the doublewrite buffer...
2017-03-30 11:54:20 6364 [Note] InnoDB: 128 rollback segment(s) are active.
2017-03-30 11:54:20 6364 [Note] InnoDB: Waiting for purge to start
2017-03-30 11:54:20 6364 [Note] InnoDB:  Percona XtraDB (http://www.percona.com) 5.6.32-79.0 started; log sequence number 6529889
2017-03-30 11:54:20 3828 [Note] InnoDB: Dumping buffer pool(s) not yet started
2017-03-30 11:54:21 6364 [Note] Plugin 'FEEDBACK' is disabled.
2017-03-30 11:54:21 6364 [Note] Server socket created on IP: '::'.
2017-03-30 11:54:22 6364 [Note] d:\programowanie\strony\programy\xampp\mysql\bin\mysqld.exe: ready for connections.
Version: '10.1.19-MariaDB'  socket: ''  port: 3306  mariadb.org binary distribution
2017-04-10 09:55:14 2560 InnoDB: Warning: Using innodb_additional_mem_pool_size is DEPRECATED. This option may be removed in future releases, together with the option innodb_use_sys_malloc and with the InnoDB's internal memory allocator.
2017-04-10  9:55:14 9568 [Note] InnoDB: innodb_empty_free_list_algorithm has been changed to legacy because of small buffer pool size. In order to use backoff, increase buffer pool at least up to 20MB.

2017-04-10  9:55:14 9568 [Note] InnoDB: Using mutexes to ref count buffer pool pages
2017-04-10  9:55:14 9568 [Note] InnoDB: The InnoDB memory heap is disabled
2017-04-10  9:55:14 9568 [Note] InnoDB: Mutexes and rw_locks use Windows interlocked functions
2017-04-10  9:55:14 9568 [Note] InnoDB: _mm_lfence() and _mm_sfence() are used for memory barrier
2017-04-10  9:55:14 9568 [Note] InnoDB: Compressed tables use zlib 1.2.3
2017-04-10  9:55:14 9568 [Note] InnoDB: Using generic crc32 instructions
2017-04-10  9:55:14 9568 [Note] InnoDB: Initializing buffer pool, size = 16.0M
2017-04-10  9:55:14 9568 [Note] InnoDB: Completed initialization of buffer pool
2017-04-10  9:55:15 9568 [Note] InnoDB: Highest supported file format is Barracuda.
2017-04-10  9:55:15 9568 [Note] InnoDB: The log sequence numbers 1835037 and 1835037 in ibdata files do not match the log sequence number 8155937 in the ib_logfiles!
2017-04-10  9:55:15 9568 [Note] InnoDB: Database was not shutdown normally!
2017-04-10  9:55:15 9568 [Note] InnoDB: Starting crash recovery.
2017-04-10  9:55:15 9568 [Note] InnoDB: Reading tablespace information from the .ibd files...
2017-04-10  9:55:24 9568 [Note] InnoDB: Restoring possible half-written data pages 
2017-04-10  9:55:24 9568 [Note] InnoDB: from the doublewrite buffer...
2017-04-10  9:55:28 9568 [Note] InnoDB: 128 rollback segment(s) are active.
2017-04-10  9:55:28 9568 [Note] InnoDB: Waiting for purge to start
2017-04-10  9:55:28 9568 [Note] InnoDB:  Percona XtraDB (http://www.percona.com) 5.6.32-79.0 started; log sequence number 8155937
2017-04-10  9:55:28 6764 [Note] InnoDB: Dumping buffer pool(s) not yet started
2017-04-10  9:55:28 9568 [Note] Plugin 'FEEDBACK' is disabled.
2017-04-10  9:55:28 9568 [Note] Server socket created on IP: '::'.
2017-04-10  9:55:29 9568 [ERROR] mysqld.exe: Table '.\mysql\db' is marked as crashed and should be repaired
2017-04-10  9:55:29 9568 [Warning] Checking table:   '.\mysql\db'
2017-04-10  9:55:29 9568 [ERROR] mysql.db: 1 client is using or hasn't closed the table properly
2017-04-10  9:55:29 9568 [ERROR] mysqld.exe: Table '.\mysql\tables_priv' is marked as crashed and should be repaired
2017-04-10  9:55:29 9568 [Warning] Checking table:   '.\mysql\tables_priv'
2017-04-10  9:55:29 9568 [ERROR] mysql.tables_priv: 1 client is using or hasn't closed the table properly
2017-04-10  9:55:29 9568 [ERROR] mysqld.exe: Table '.\mysql\columns_priv' is marked as crashed and should be repaired
2017-04-10  9:55:29 9568 [Warning] Checking table:   '.\mysql\columns_priv'
2017-04-10  9:55:29 9568 [ERROR] mysql.columns_priv: 1 client is using or hasn't closed the table properly
2017-04-10  9:55:29 9568 [ERROR] mysqld.exe: Table '.\mysql\procs_priv' is marked as crashed and should be repaired
2017-04-10  9:55:29 9568 [Warning] Checking table:   '.\mysql\procs_priv'
2017-04-10  9:55:29 9568 [ERROR] mysql.procs_priv: 1 client is using or hasn't closed the table properly
2017-04-10  9:55:29 9568 [Note] d:\programowanie\strony\programy\xampp\mysql\bin\mysqld.exe: ready for connections.
Version: '10.1.19-MariaDB'  socket: ''  port: 3306  mariadb.org binary distribution
