[Mon Oct 30 18:01:19.163922 2017] [ssl:warn] [pid 3444:tid 596] AH01909: www.example.com:443:0 server certificate does NOT include an ID which matches the server name
[Mon Oct 30 18:01:19.369955 2017] [ssl:warn] [pid 3444:tid 596] AH01909: www.example.com:443:0 server certificate does NOT include an ID which matches the server name
[Mon Oct 30 18:01:19.496104 2017] [mpm_winnt:notice] [pid 3444:tid 596] AH00455: Apache/2.4.23 (Win32) OpenSSL/1.0.2h PHP/7.0.13 configured -- resuming normal operations
[Mon Oct 30 18:01:19.496104 2017] [mpm_winnt:notice] [pid 3444:tid 596] AH00456: Apache Lounge VC14 Server built: Jul  1 2016 11:09:37
[Mon Oct 30 18:01:19.496104 2017] [core:notice] [pid 3444:tid 596] AH00094: Command line: 'apache\\bin\\httpd.exe -d D:/programowanie/Strony/Projekty/programy/xammp/apache -f conf\\httpd.conf'
[Mon Oct 30 18:01:19.505128 2017] [mpm_winnt:notice] [pid 3444:tid 596] AH00418: Parent: Created child process 10964
Apache server shutdown initiated...
sl:warn] [pid 10964:tid 612] AH01909: www.example.com:443:0 server certificate does NOT include an ID which matches the server name
[Mon Oct 30 18:01:20.750754 2017] [ssl:warn] [pid 10964:tid 612] AH01909: www.example.com:443:0 server certificate does NOT include an ID which matches the server name
[Mon Oct 30 18:01:20.784726 2017] [mpm_winnt:notice] [pid 10964:tid 612] AH00354: Child: Starting 150 worker threads.
[Mon Oct 30 18:01:47.449160 2017] [mpm_winnt:notice] [pid 3444:tid 596] AH00422: Parent: Received shutdown signal -- Shutting down the server.
[Mon Oct 30 18:01:49.451992 2017] [mpm_winnt:notice] [pid 10964:tid 612] AH00364: Child: All worker threads have exited.
[Mon Oct 30 18:01:49.489932 2017] [mpm_winnt:notice] [pid 3444:tid 596] AH00430: Parent: Child process 10964 exited successfully.
[Mon Oct 30 18:01:54.333526 2017] [ssl:warn] [pid 12020:tid 588] AH01909: www.example.com:443:0 server certificate does NOT include an ID which matches the server name
[Mon Oct 30 18:01:54.704838 2017] [ssl:warn] [pid 12020:tid 588] AH01909: www.example.com:443:0 server certificate does NOT include an ID which matches the server name
[Mon Oct 30 18:01:54.734914 2017] [mpm_winnt:notice] [pid 12020:tid 588] AH00455: Apache/2.4.23 (Win32) OpenSSL/1.0.2h PHP/7.0.13 configured -- resuming normal operations
[Mon Oct 30 18:01:54.734914 2017] [mpm_winnt:notice] [pid 12020:tid 588] AH00456: Apache Lounge VC14 Server built: Jul  1 2016 11:09:37
[Mon Oct 30 18:01:54.734914 2017] [core:notice] [pid 12020:tid 588] AH00094: Command line: 'd:\\programowanie\\strony\\projekty\\programy\\xammp\\apache\\bin\\httpd.exe -d D:/programowanie/Strony/Projekty/programy/xammp/apache'
[Mon Oct 30 18:01:54.746914 2017] [mpm_winnt:notice] [pid 12020:tid 588] AH00418: Parent: Created child process 1056
[Mon Oct 30 18:01:55.509156 2017] [ssl:warn] [pid 1056:tid 624] AH01909: www.example.com:443:0 server certificate does NOT include an ID which matches the server name
[Mon Oct 30 18:01:55.690276 2017] [ssl:warn] [pid 1056:tid 624] AH01909: www.example.com:443:0 server certificate does NOT include an ID which matches the server name
[Mon Oct 30 18:01:55.722362 2017] [mpm_winnt:notice] [pid 1056:tid 624] AH00354: Child: Starting 150 worker threads.
