18:00:45  [main] 	Initializing Control Panel
18:00:45  [main] 	Windows Version:  Home  64-bit
18:00:45  [main] 	XAMPP Version: 7.0.13
18:00:45  [main] 	Control Panel Version: 3.2.2  [ Compiled: Nov 12th 2015 ]
18:00:45  [main] 	You are not running with administrator rights! This will work for
18:00:45  [main] 	most application stuff but whenever you do something with services
18:00:45  [main] 	there will be a security dialogue or things will break! So think 
18:00:45  [main] 	about running this application with administrator rights!
18:00:45  [main] 	XAMPP Installation Directory: "d:\programowanie\strony\projekty\programy\xammp\"
18:00:45  [main] 	Checking for prerequisites
18:00:47  [main] 	All prerequisites found
18:00:47  [main] 	Initializing Modules
18:00:47  [main] 	Starting Check-Timer
18:00:47  [main] 	Control Panel Ready
18:00:51  [main] 	Deinitializing Modules
18:00:51  [main] 	Deinitializing Control Panel

18:01:51  [main] 	Initializing Control Panel
18:01:51  [main] 	Windows Version:  Home  64-bit
18:01:51  [main] 	XAMPP Version: 7.0.13
18:01:51  [main] 	Control Panel Version: 3.2.2  [ Compiled: Nov 12th 2015 ]
18:01:51  [main] 	You are not running with administrator rights! This will work for
18:01:51  [main] 	most application stuff but whenever you do something with services
18:01:51  [main] 	there will be a security dialogue or things will break! So think 
18:01:51  [main] 	about running this application with administrator rights!
18:01:51  [main] 	XAMPP Installation Directory: "d:\programowanie\strony\projekty\programy\xammp\"
18:01:51  [main] 	Checking for prerequisites
18:01:51  [main] 	All prerequisites found
18:01:51  [main] 	Initializing Modules
18:01:51  [mysql] 	XAMPP MySQL is already running on port 3306
18:01:51  [main] 	Starting Check-Timer
18:01:51  [main] 	Control Panel Ready
18:01:53  [Apache] 	Attempting to start Apache app...
18:01:54  [Apache] 	Status change detected: running
18:09:51  [Apache] 	Attempting to stop Apache (PID: 12020)
18:09:51  [Apache] 	Attempting to stop Apache (PID: 1056)
18:09:51  [Apache] 	Status change detected: stopped
18:09:56  [mysql] 	Attempting to stop MySQL app...
18:09:57  [mysql] 	Status change detected: stopped
18:10:01  [main] 	Deinitializing Modules
18:10:01  [main] 	Deinitializing Control Panel

