12:50:04  [main] 	Initializing Control Panel
12:50:04  [main] 	Windows Version:  Home  64-bit
12:50:04  [main] 	XAMPP Version: 7.0.13
12:50:04  [main] 	Control Panel Version: 3.2.2  [ Compiled: Nov 12th 2015 ]
12:50:04  [main] 	You are not running with administrator rights! This will work for
12:50:04  [main] 	most application stuff but whenever you do something with services
12:50:04  [main] 	there will be a security dialogue or things will break! So think 
12:50:04  [main] 	about running this application with administrator rights!
12:50:04  [main] 	XAMPP Installation Directory: "d:\programowanie\strony\programy\xampp\"
12:50:04  [main] 	Checking for prerequisites
12:50:04  [main] 	All prerequisites found
12:50:04  [main] 	Initializing Modules
12:50:05  [Apache] 	Problem detected!
12:50:05  [Apache] 	Port 80 in use by "D:\programowanie\Strony\programy\WebServ\apache2\bin\WebServ(apache).exe" with PID 964!
12:50:05  [Apache] 	Apache WILL NOT start without the configured ports free!
12:50:05  [Apache] 	You need to uninstall/disable/reconfigure the blocking application
12:50:05  [Apache] 	or reconfigure Apache and the Control Panel to listen on a different port
12:50:05  [mysql] 	Problem detected!
12:50:05  [mysql] 	Port 3306 in use by "D:\programowanie\Strony\programy\WebServ\mysql\bin\WebServ(mysqld).exe"!
12:50:05  [mysql] 	MySQL WILL NOT start without the configured ports free!
12:50:05  [mysql] 	You need to uninstall/disable/reconfigure the blocking application
12:50:05  [mysql] 	or reconfigure MySQL and the Control Panel to listen on a different port
12:50:05  [main] 	Starting Check-Timer
12:50:05  [main] 	Control Panel Ready
12:51:05  [Apache] 	Attempting to start Apache app...
12:51:06  [Apache] 	Status change detected: running
12:51:07  [mysql] 	Attempting to start MySQL app...
12:51:08  [mysql] 	Status change detected: running
14:37:24  [main] 	Deinitializing Modules
14:37:24  [main] 	Deinitializing Control Panel

22:58:09  [main] 	Initializing Control Panel
22:58:09  [main] 	Windows Version:  Home  64-bit
22:58:09  [main] 	XAMPP Version: 7.0.13
22:58:09  [main] 	Control Panel Version: 3.2.2  [ Compiled: Nov 12th 2015 ]
22:58:09  [main] 	You are not running with administrator rights! This will work for
22:58:09  [main] 	most application stuff but whenever you do something with services
22:58:09  [main] 	there will be a security dialogue or things will break! So think 
22:58:09  [main] 	about running this application with administrator rights!
22:58:09  [main] 	XAMPP Installation Directory: "d:\programowanie\strony\programy\xampp\"
22:58:09  [main] 	Checking for prerequisites
22:58:09  [main] 	All prerequisites found
22:58:09  [main] 	Initializing Modules
22:58:09  [main] 	Starting Check-Timer
22:58:09  [main] 	Control Panel Ready
22:58:11  [Apache] 	Attempting to start Apache app...
22:58:11  [Apache] 	Status change detected: running
22:58:13  [mysql] 	Attempting to start MySQL app...
22:58:14  [mysql] 	Status change detected: running
01:35:48  [main] 	Deinitializing Modules
01:35:48  [main] 	Deinitializing Control Panel

01:36:17  [main] 	Initializing Control Panel
01:36:17  [main] 	Windows Version:  Home  64-bit
01:36:17  [main] 	XAMPP Version: 7.0.13
01:36:17  [main] 	Control Panel Version: 3.2.2  [ Compiled: Nov 12th 2015 ]
01:36:17  [main] 	You are not running with administrator rights! This will work for
01:36:17  [main] 	most application stuff but whenever you do something with services
01:36:17  [main] 	there will be a security dialogue or things will break! So think 
01:36:17  [main] 	about running this application with administrator rights!
01:36:17  [main] 	XAMPP Installation Directory: "d:\programowanie\strony\programy\xampp\"
01:36:17  [main] 	Checking for prerequisites
01:36:17  [main] 	All prerequisites found
01:36:17  [main] 	Initializing Modules
01:36:17  [Apache] 	XAMPP Apache is already running on port 80
01:36:17  [Apache] 	XAMPP Apache is already running on port 443
01:36:17  [mysql] 	XAMPP MySQL is already running on port 3306
01:36:17  [main] 	Starting Check-Timer
01:36:17  [main] 	Control Panel Ready
01:36:18  [mysql] 	Attempting to stop MySQL app...
01:36:19  [mysql] 	Status change detected: stopped
01:36:19  [Apache] 	Attempting to stop Apache (PID: 6440)
01:36:19  [Apache] 	Attempting to stop Apache (PID: 9156)
01:36:20  [Apache] 	Status change detected: stopped
18:09:17  [Apache] 	Status change detected: running
18:09:18  [mysql] 	Status change detected: running
18:57:05  [Apache] 	Status change detected: stopped
18:57:05  [mysql] 	Status change detected: stopped
18:57:05  [main] 	Deinitializing Modules
18:57:05  [main] 	Deinitializing Control Panel

18:09:15  [main] 	Initializing Control Panel
18:09:15  [main] 	Windows Version:  Home  64-bit
18:09:15  [main] 	XAMPP Version: 7.0.13
18:09:15  [main] 	Control Panel Version: 3.2.2  [ Compiled: Nov 12th 2015 ]
18:09:15  [main] 	You are not running with administrator rights! This will work for
18:09:15  [main] 	most application stuff but whenever you do something with services
18:09:15  [main] 	there will be a security dialogue or things will break! So think 
18:09:15  [main] 	about running this application with administrator rights!
18:09:15  [main] 	XAMPP Installation Directory: "d:\programowanie\strony\programy\xampp\"
18:09:15  [main] 	Checking for prerequisites
18:09:15  [main] 	All prerequisites found
18:09:15  [main] 	Initializing Modules
18:09:15  [main] 	Starting Check-Timer
18:09:15  [main] 	Control Panel Ready
18:09:16  [Apache] 	Attempting to start Apache app...
18:09:16  [Apache] 	Status change detected: running
18:09:17  [mysql] 	Attempting to start MySQL app...
18:09:17  [mysql] 	Status change detected: running
18:57:05  [Apache] 	Status change detected: stopped
18:57:05  [Apache] 	Error: Apache shutdown unexpectedly.
18:57:05  [Apache] 	This may be due to a blocked port, missing dependencies, 
18:57:05  [Apache] 	improper privileges, a crash, or a shutdown by another method.
18:57:05  [Apache] 	Press the Logs button to view error logs and check
18:57:05  [Apache] 	the Windows Event Viewer for more clues
18:57:05  [Apache] 	If you need more help, copy and post this
18:57:05  [Apache] 	entire log window on the forums
18:57:05  [mysql] 	Status change detected: stopped
18:57:05  [mysql] 	Error: MySQL shutdown unexpectedly.
18:57:05  [mysql] 	This may be due to a blocked port, missing dependencies, 
18:57:05  [mysql] 	improper privileges, a crash, or a shutdown by another method.
18:57:05  [mysql] 	Press the Logs button to view error logs and check
18:57:05  [mysql] 	the Windows Event Viewer for more clues
18:57:05  [mysql] 	If you need more help, copy and post this
18:57:05  [mysql] 	entire log window on the forums
18:57:05  [main] 	Deinitializing Modules
18:57:05  [main] 	Deinitializing Control Panel

01:10:47  [main] 	Initializing Control Panel
01:10:47  [main] 	Windows Version:  Home  64-bit
01:10:47  [main] 	XAMPP Version: 7.0.13
01:10:47  [main] 	Control Panel Version: 3.2.2  [ Compiled: Nov 12th 2015 ]
01:10:47  [main] 	You are not running with administrator rights! This will work for
01:10:47  [main] 	most application stuff but whenever you do something with services
01:10:47  [main] 	there will be a security dialogue or things will break! So think 
01:10:47  [main] 	about running this application with administrator rights!
01:10:47  [main] 	XAMPP Installation Directory: "d:\programowanie\strony\programy\xampp\"
01:10:47  [main] 	Checking for prerequisites
01:10:48  [main] 	All prerequisites found
01:10:48  [main] 	Initializing Modules
01:10:48  [main] 	Starting Check-Timer
01:10:48  [main] 	Control Panel Ready
01:10:49  [Apache] 	Attempting to start Apache app...
01:10:50  [Apache] 	Status change detected: running
01:10:50  [mysql] 	Attempting to start MySQL app...
01:10:52  [mysql] 	Status change detected: running
01:11:30  [Apache] 	Attempting to stop Apache (PID: 4448)
01:11:30  [Apache] 	Attempting to stop Apache (PID: 6956)
01:11:30  [Apache] 	Status change detected: stopped
01:11:31  [mysql] 	Attempting to stop MySQL app...
01:11:31  [mysql] 	Status change detected: stopped
01:15:06  [Apache] 	Status change detected: running
01:15:07  [mysql] 	Status change detected: running
16:22:49  [main] 	Deinitializing Modules
16:22:49  [main] 	Deinitializing Control Panel

01:15:04  [main] 	Initializing Control Panel
01:15:04  [main] 	Windows Version:  Home  64-bit
01:15:04  [main] 	XAMPP Version: 7.0.13
01:15:04  [main] 	Control Panel Version: 3.2.2  [ Compiled: Nov 12th 2015 ]
01:15:04  [main] 	You are not running with administrator rights! This will work for
01:15:04  [main] 	most application stuff but whenever you do something with services
01:15:04  [main] 	there will be a security dialogue or things will break! So think 
01:15:04  [main] 	about running this application with administrator rights!
01:15:04  [main] 	XAMPP Installation Directory: "d:\programowanie\strony\programy\xampp\"
01:15:04  [main] 	Checking for prerequisites
01:15:04  [main] 	All prerequisites found
01:15:04  [main] 	Initializing Modules
01:15:04  [main] 	Starting Check-Timer
01:15:04  [main] 	Control Panel Ready
01:15:06  [Apache] 	Attempting to start Apache app...
01:15:06  [Apache] 	Status change detected: running
01:15:07  [mysql] 	Attempting to start MySQL app...
01:15:07  [mysql] 	Status change detected: running
16:22:51  [main] 	Deinitializing Modules
16:22:51  [main] 	Deinitializing Control Panel

20:18:57  [main] 	Initializing Control Panel
20:18:57  [main] 	Windows Version:  Home  64-bit
20:18:57  [main] 	XAMPP Version: 7.0.13
20:18:57  [main] 	Control Panel Version: 3.2.2  [ Compiled: Nov 12th 2015 ]
20:18:57  [main] 	You are not running with administrator rights! This will work for
20:18:57  [main] 	most application stuff but whenever you do something with services
20:18:57  [main] 	there will be a security dialogue or things will break! So think 
20:18:57  [main] 	about running this application with administrator rights!
20:18:57  [main] 	XAMPP Installation Directory: "d:\programowanie\strony\programy\xampp\"
20:18:57  [main] 	Checking for prerequisites
20:18:57  [main] 	All prerequisites found
20:18:57  [main] 	Initializing Modules
20:18:57  [main] 	Starting Check-Timer
20:18:57  [main] 	Control Panel Ready
20:18:59  [Apache] 	Attempting to start Apache app...
20:19:00  [Apache] 	Status change detected: running
20:19:00  [mysql] 	Attempting to start MySQL app...
20:19:01  [mysql] 	Status change detected: running
21:19:00  [main] 	Deinitializing Modules
21:19:00  [main] 	Deinitializing Control Panel

15:50:53  [main] 	Initializing Control Panel
15:50:53  [main] 	Windows Version:  Home  64-bit
15:50:53  [main] 	XAMPP Version: 7.0.13
15:50:53  [main] 	Control Panel Version: 3.2.2  [ Compiled: Nov 12th 2015 ]
15:50:53  [main] 	You are not running with administrator rights! This will work for
15:50:53  [main] 	most application stuff but whenever you do something with services
15:50:53  [main] 	there will be a security dialogue or things will break! So think 
15:50:53  [main] 	about running this application with administrator rights!
15:50:53  [main] 	XAMPP Installation Directory: "d:\programowanie\strony\programy\xampp\"
15:50:53  [main] 	Checking for prerequisites
15:50:54  [main] 	All prerequisites found
15:50:54  [main] 	Initializing Modules
15:50:54  [main] 	Starting Check-Timer
15:50:54  [main] 	Control Panel Ready
15:50:55  [Apache] 	Attempting to start Apache app...
15:50:56  [Apache] 	Status change detected: running
15:50:56  [mysql] 	Attempting to start MySQL app...
15:50:58  [mysql] 	Status change detected: running
00:00:37  [main] 	Deinitializing Modules
00:00:37  [main] 	Deinitializing Control Panel

15:12:56  [main] 	Initializing Control Panel
15:12:56  [main] 	Windows Version:  Home  64-bit
15:12:56  [main] 	XAMPP Version: 7.0.13
15:12:56  [main] 	Control Panel Version: 3.2.2  [ Compiled: Nov 12th 2015 ]
15:12:56  [main] 	You are not running with administrator rights! This will work for
15:12:56  [main] 	most application stuff but whenever you do something with services
15:12:56  [main] 	there will be a security dialogue or things will break! So think 
15:12:56  [main] 	about running this application with administrator rights!
15:12:56  [main] 	XAMPP Installation Directory: "d:\programowanie\strony\programy\xampp\"
15:12:56  [main] 	Checking for prerequisites
15:12:56  [main] 	All prerequisites found
15:12:56  [main] 	Initializing Modules
15:12:56  [Apache] 	XAMPP Apache is already running on port 80
15:12:56  [Apache] 	XAMPP Apache is already running on port 443
15:12:56  [mysql] 	XAMPP MySQL is already running on port 3306
15:12:56  [main] 	Starting Check-Timer
15:12:56  [main] 	Control Panel Ready
15:12:57  [Apache] 	Attempting to stop Apache (PID: 444)
15:12:57  [Apache] 	Attempting to stop Apache (PID: 10160)
15:12:58  [Apache] 	Status change detected: stopped
15:12:59  [Apache] 	Attempting to start Apache app...
15:12:59  [Apache] 	Status change detected: running
22:35:10  [Apache] 	Status change detected: stopped
22:35:11  [Apache] 	Error: Apache shutdown unexpectedly.
22:35:11  [Apache] 	This may be due to a blocked port, missing dependencies, 
22:35:11  [Apache] 	improper privileges, a crash, or a shutdown by another method.
22:35:11  [Apache] 	Press the Logs button to view error logs and check
22:35:11  [Apache] 	the Windows Event Viewer for more clues
22:35:11  [Apache] 	If you need more help, copy and post this
22:35:11  [Apache] 	entire log window on the forums
22:35:11  [mysql] 	Status change detected: stopped
22:35:11  [mysql] 	Error: MySQL shutdown unexpectedly.
22:35:11  [mysql] 	This may be due to a blocked port, missing dependencies, 
22:35:11  [mysql] 	improper privileges, a crash, or a shutdown by another method.
22:35:11  [mysql] 	Press the Logs button to view error logs and check
22:35:11  [mysql] 	the Windows Event Viewer for more clues
22:35:11  [mysql] 	If you need more help, copy and post this
22:35:11  [mysql] 	entire log window on the forums
22:35:11  [main] 	Deinitializing Modules
22:35:11  [main] 	Deinitializing Control Panel

23:16:52  [main] 	Initializing Control Panel
23:16:52  [main] 	Windows Version:  Home  64-bit
23:16:52  [main] 	XAMPP Version: 7.0.13
23:16:52  [main] 	Control Panel Version: 3.2.2  [ Compiled: Nov 12th 2015 ]
23:16:52  [main] 	You are not running with administrator rights! This will work for
23:16:52  [main] 	most application stuff but whenever you do something with services
23:16:52  [main] 	there will be a security dialogue or things will break! So think 
23:16:52  [main] 	about running this application with administrator rights!
23:16:52  [main] 	XAMPP Installation Directory: "d:\programowanie\strony\programy\xampp\"
23:16:52  [main] 	Checking for prerequisites
23:16:52  [main] 	All prerequisites found
23:16:52  [main] 	Initializing Modules
23:16:52  [Apache] 	XAMPP Apache is already running on port 80
23:16:52  [Apache] 	XAMPP Apache is already running on port 443
23:16:52  [mysql] 	XAMPP MySQL is already running on port 3306
23:16:52  [main] 	Starting Check-Timer
23:16:52  [main] 	Control Panel Ready
23:33:09  [main] 	Deinitializing Modules
23:33:09  [main] 	Deinitializing Control Panel

23:16:27  [main] 	Initializing Control Panel
23:16:27  [main] 	Windows Version:  Home  64-bit
23:16:27  [main] 	XAMPP Version: 7.0.13
23:16:27  [main] 	Control Panel Version: 3.2.2  [ Compiled: Nov 12th 2015 ]
23:16:27  [main] 	You are not running with administrator rights! This will work for
23:16:27  [main] 	most application stuff but whenever you do something with services
23:16:27  [main] 	there will be a security dialogue or things will break! So think 
23:16:27  [main] 	about running this application with administrator rights!
23:16:27  [main] 	XAMPP Installation Directory: "d:\programowanie\strony\programy\xampp\"
23:16:27  [main] 	Checking for prerequisites
23:16:27  [main] 	All prerequisites found
23:16:27  [main] 	Initializing Modules
23:16:27  [main] 	Starting Check-Timer
23:16:27  [main] 	Control Panel Ready
23:16:33  [Apache] 	Attempting to start Apache app...
23:16:33  [Apache] 	Status change detected: running
23:16:33  [mysql] 	Attempting to start MySQL app...
23:16:35  [mysql] 	Status change detected: running
23:33:09  [main] 	Deinitializing Modules
23:33:09  [main] 	Deinitializing Control Panel

00:03:15  [main] 	Initializing Control Panel
00:03:15  [main] 	Windows Version:  Home  64-bit
00:03:15  [main] 	XAMPP Version: 7.0.13
00:03:15  [main] 	Control Panel Version: 3.2.2  [ Compiled: Nov 12th 2015 ]
00:03:15  [main] 	You are not running with administrator rights! This will work for
00:03:15  [main] 	most application stuff but whenever you do something with services
00:03:15  [main] 	there will be a security dialogue or things will break! So think 
00:03:15  [main] 	about running this application with administrator rights!
00:03:15  [main] 	XAMPP Installation Directory: "d:\programowanie\strony\programy\xampp\"
00:03:15  [main] 	Checking for prerequisites
00:03:15  [main] 	All prerequisites found
00:03:15  [main] 	Initializing Modules
00:03:15  [main] 	Starting Check-Timer
00:03:15  [main] 	Control Panel Ready
12:21:06  [main] 	Deinitializing Modules
12:21:06  [main] 	Deinitializing Control Panel

00:01:48  [main] 	Initializing Control Panel
00:01:48  [main] 	Windows Version:  Home  64-bit
00:01:48  [main] 	XAMPP Version: 7.0.13
00:01:48  [main] 	Control Panel Version: 3.2.2  [ Compiled: Nov 12th 2015 ]
00:01:48  [main] 	You are not running with administrator rights! This will work for
00:01:48  [main] 	most application stuff but whenever you do something with services
00:01:48  [main] 	there will be a security dialogue or things will break! So think 
00:01:48  [main] 	about running this application with administrator rights!
00:01:48  [main] 	XAMPP Installation Directory: "d:\programowanie\strony\programy\xampp\"
00:01:48  [main] 	Checking for prerequisites
00:01:48  [main] 	All prerequisites found
00:01:48  [main] 	Initializing Modules
00:01:48  [main] 	Starting Check-Timer
00:01:48  [main] 	Control Panel Ready
12:21:07  [main] 	Deinitializing Modules
12:21:07  [main] 	Deinitializing Control Panel

23:49:55  [main] 	Initializing Control Panel
23:49:55  [main] 	Windows Version:  Home  64-bit
23:49:55  [main] 	XAMPP Version: 7.0.13
23:49:55  [main] 	Control Panel Version: 3.2.2  [ Compiled: Nov 12th 2015 ]
23:49:55  [main] 	You are not running with administrator rights! This will work for
23:49:55  [main] 	most application stuff but whenever you do something with services
23:49:55  [main] 	there will be a security dialogue or things will break! So think 
23:49:55  [main] 	about running this application with administrator rights!
23:49:55  [main] 	XAMPP Installation Directory: "d:\programowanie\strony\programy\xampp\"
23:49:55  [main] 	Checking for prerequisites
23:49:55  [main] 	All prerequisites found
23:49:55  [main] 	Initializing Modules
23:49:55  [main] 	Starting Check-Timer
23:49:55  [main] 	Control Panel Ready
12:21:09  [main] 	Deinitializing Modules
12:21:09  [main] 	Deinitializing Control Panel

00:11:13  [main] 	Initializing Control Panel
00:11:13  [main] 	Windows Version:  Home  64-bit
00:11:13  [main] 	XAMPP Version: 7.0.13
00:11:13  [main] 	Control Panel Version: 3.2.2  [ Compiled: Nov 12th 2015 ]
00:11:13  [main] 	You are not running with administrator rights! This will work for
00:11:13  [main] 	most application stuff but whenever you do something with services
00:11:13  [main] 	there will be a security dialogue or things will break! So think 
00:11:13  [main] 	about running this application with administrator rights!
00:11:13  [main] 	XAMPP Installation Directory: "d:\programowanie\strony\programy\xampp\"
00:11:13  [main] 	Checking for prerequisites
00:11:14  [main] 	All prerequisites found
00:11:14  [main] 	Initializing Modules
00:11:14  [main] 	Starting Check-Timer
00:11:14  [main] 	Control Panel Ready
12:21:10  [main] 	Deinitializing Modules
12:21:10  [main] 	Deinitializing Control Panel

23:54:37  [main] 	Initializing Control Panel
23:54:37  [main] 	Windows Version:  Home  64-bit
23:54:37  [main] 	XAMPP Version: 7.0.13
23:54:37  [main] 	Control Panel Version: 3.2.2  [ Compiled: Nov 12th 2015 ]
23:54:37  [main] 	You are not running with administrator rights! This will work for
23:54:37  [main] 	most application stuff but whenever you do something with services
23:54:37  [main] 	there will be a security dialogue or things will break! So think 
23:54:37  [main] 	about running this application with administrator rights!
23:54:37  [main] 	XAMPP Installation Directory: "d:\programowanie\strony\programy\xampp\"
23:54:37  [main] 	Checking for prerequisites
23:54:38  [main] 	All prerequisites found
23:54:38  [main] 	Initializing Modules
23:54:38  [main] 	Starting Check-Timer
23:54:38  [main] 	Control Panel Ready
12:21:11  [main] 	Deinitializing Modules
12:21:11  [main] 	Deinitializing Control Panel

23:54:01  [main] 	Initializing Control Panel
23:54:01  [main] 	Windows Version:  Home  64-bit
23:54:01  [main] 	XAMPP Version: 7.0.13
23:54:01  [main] 	Control Panel Version: 3.2.2  [ Compiled: Nov 12th 2015 ]
23:54:01  [main] 	You are not running with administrator rights! This will work for
23:54:01  [main] 	most application stuff but whenever you do something with services
23:54:01  [main] 	there will be a security dialogue or things will break! So think 
23:54:01  [main] 	about running this application with administrator rights!
23:54:01  [main] 	XAMPP Installation Directory: "d:\programowanie\strony\programy\xampp\"
23:54:01  [main] 	Checking for prerequisites
23:54:01  [main] 	All prerequisites found
23:54:01  [main] 	Initializing Modules
23:54:01  [main] 	Starting Check-Timer
23:54:01  [main] 	Control Panel Ready
12:21:12  [main] 	Deinitializing Modules
12:21:12  [main] 	Deinitializing Control Panel

23:50:36  [main] 	Initializing Control Panel
23:50:36  [main] 	Windows Version:  Home  64-bit
23:50:36  [main] 	XAMPP Version: 7.0.13
23:50:36  [main] 	Control Panel Version: 3.2.2  [ Compiled: Nov 12th 2015 ]
23:50:36  [main] 	You are not running with administrator rights! This will work for
23:50:36  [main] 	most application stuff but whenever you do something with services
23:50:36  [main] 	there will be a security dialogue or things will break! So think 
23:50:36  [main] 	about running this application with administrator rights!
23:50:36  [main] 	XAMPP Installation Directory: "d:\programowanie\strony\programy\xampp\"
23:50:36  [main] 	Checking for prerequisites
23:50:36  [main] 	All prerequisites found
23:50:36  [main] 	Initializing Modules
23:50:36  [main] 	Starting Check-Timer
23:50:36  [main] 	Control Panel Ready
12:21:13  [main] 	Deinitializing Modules
12:21:13  [main] 	Deinitializing Control Panel

16:50:33  [main] 	Initializing Control Panel
16:50:33  [main] 	Windows Version:  Home  64-bit
16:50:33  [main] 	XAMPP Version: 7.0.13
16:50:33  [main] 	Control Panel Version: 3.2.2  [ Compiled: Nov 12th 2015 ]
16:50:33  [main] 	You are not running with administrator rights! This will work for
16:50:33  [main] 	most application stuff but whenever you do something with services
16:50:33  [main] 	there will be a security dialogue or things will break! So think 
16:50:33  [main] 	about running this application with administrator rights!
16:50:33  [main] 	XAMPP Installation Directory: "d:\programowanie\strony\programy\xampp\"
16:50:33  [main] 	Checking for prerequisites
16:50:33  [main] 	All prerequisites found
16:50:33  [main] 	Initializing Modules
16:50:33  [main] 	Starting Check-Timer
16:50:33  [main] 	Control Panel Ready
19:17:13  [main] 	Deinitializing Modules
19:17:13  [main] 	Deinitializing Control Panel

12:16:08  [main] 	Initializing Control Panel
12:16:08  [main] 	Windows Version:  Home  64-bit
12:16:08  [main] 	XAMPP Version: 7.0.13
12:16:08  [main] 	Control Panel Version: 3.2.2  [ Compiled: Nov 12th 2015 ]
12:16:08  [main] 	You are not running with administrator rights! This will work for
12:16:08  [main] 	most application stuff but whenever you do something with services
12:16:08  [main] 	there will be a security dialogue or things will break! So think 
12:16:08  [main] 	about running this application with administrator rights!
12:16:08  [main] 	XAMPP Installation Directory: "d:\programowanie\strony\programy\xampp\"
12:16:08  [main] 	Checking for prerequisites
12:16:08  [main] 	All prerequisites found
12:16:08  [main] 	Initializing Modules
12:16:08  [main] 	Starting Check-Timer
12:16:08  [main] 	Control Panel Ready
12:16:09  [Apache] 	Attempting to start Apache app...
12:16:10  [Apache] 	Status change detected: running
12:16:10  [mysql] 	Attempting to start MySQL app...
12:16:11  [mysql] 	Status change detected: running
16:12:19  [main] 	Deinitializing Modules
16:12:19  [main] 	Deinitializing Control Panel

19:26:51  [main] 	Initializing Control Panel
19:26:51  [main] 	Windows Version:  Home  64-bit
19:26:51  [main] 	XAMPP Version: 7.0.13
19:26:51  [main] 	Control Panel Version: 3.2.2  [ Compiled: Nov 12th 2015 ]
19:26:51  [main] 	You are not running with administrator rights! This will work for
19:26:51  [main] 	most application stuff but whenever you do something with services
19:26:51  [main] 	there will be a security dialogue or things will break! So think 
19:26:51  [main] 	about running this application with administrator rights!
19:26:51  [main] 	XAMPP Installation Directory: "d:\programowanie\strony\programy\xampp\"
19:26:51  [main] 	Checking for prerequisites
19:26:51  [main] 	All prerequisites found
19:26:51  [main] 	Initializing Modules
19:26:51  [main] 	Starting Check-Timer
19:26:51  [main] 	Control Panel Ready
19:26:52  [Apache] 	Attempting to start Apache app...
19:26:53  [Apache] 	Status change detected: running
19:26:53  [mysql] 	Attempting to start MySQL app...
19:26:54  [mysql] 	Status change detected: running
17:30:15  [main] 	Deinitializing Modules
17:30:15  [main] 	Deinitializing Control Panel

19:56:35  [main] 	Initializing Control Panel
19:56:35  [main] 	Windows Version:  Home  64-bit
19:56:35  [main] 	XAMPP Version: 7.0.13
19:56:35  [main] 	Control Panel Version: 3.2.2  [ Compiled: Nov 12th 2015 ]
19:56:35  [main] 	You are not running with administrator rights! This will work for
19:56:35  [main] 	most application stuff but whenever you do something with services
19:56:35  [main] 	there will be a security dialogue or things will break! So think 
19:56:35  [main] 	about running this application with administrator rights!
19:56:35  [main] 	XAMPP Installation Directory: "d:\programowanie\strony\programy\xampp\"
19:56:35  [main] 	Checking for prerequisites
19:56:37  [main] 	All prerequisites found
19:56:37  [main] 	Initializing Modules
19:56:37  [main] 	Starting Check-Timer
19:56:37  [main] 	Control Panel Ready
19:56:38  [Apache] 	Attempting to start Apache app...
19:56:40  [Apache] 	Status change detected: running
19:56:40  [mysql] 	Attempting to start MySQL app...
19:56:44  [mysql] 	Status change detected: running
20:00:43  [main] 	Deinitializing Modules
20:00:43  [main] 	Deinitializing Control Panel

17:26:07  [main] 	Initializing Control Panel
17:26:07  [main] 	Windows Version:  Home  64-bit
17:26:07  [main] 	XAMPP Version: 7.0.13
17:26:07  [main] 	Control Panel Version: 3.2.2  [ Compiled: Nov 12th 2015 ]
17:26:07  [main] 	You are not running with administrator rights! This will work for
17:26:07  [main] 	most application stuff but whenever you do something with services
17:26:07  [main] 	there will be a security dialogue or things will break! So think 
17:26:07  [main] 	about running this application with administrator rights!
17:26:07  [main] 	XAMPP Installation Directory: "d:\programowanie\strony\programy\xampp\"
17:26:07  [main] 	Checking for prerequisites
17:26:07  [main] 	All prerequisites found
17:26:07  [main] 	Initializing Modules
17:26:07  [main] 	Starting Check-Timer
17:26:07  [main] 	Control Panel Ready
17:26:09  [Apache] 	Attempting to start Apache app...
17:26:09  [Apache] 	Status change detected: running
17:26:09  [mysql] 	Attempting to start MySQL app...
17:26:10  [mysql] 	Status change detected: running
17:32:10  [main] 	Deinitializing Modules
17:32:10  [main] 	Deinitializing Control Panel

21:00:41  [main] 	Initializing Control Panel
21:00:41  [main] 	Windows Version:  Home  64-bit
21:00:41  [main] 	XAMPP Version: 7.0.13
21:00:41  [main] 	Control Panel Version: 3.2.2  [ Compiled: Nov 12th 2015 ]
21:00:41  [main] 	You are not running with administrator rights! This will work for
21:00:41  [main] 	most application stuff but whenever you do something with services
21:00:41  [main] 	there will be a security dialogue or things will break! So think 
21:00:41  [main] 	about running this application with administrator rights!
21:00:41  [main] 	XAMPP Installation Directory: "d:\programowanie\strony\programy\xampp\"
21:00:41  [main] 	Checking for prerequisites
21:00:42  [main] 	All prerequisites found
21:00:42  [main] 	Initializing Modules
21:00:42  [main] 	Starting Check-Timer
21:00:42  [main] 	Control Panel Ready
21:00:44  [Apache] 	Attempting to start Apache app...
21:00:44  [Apache] 	Status change detected: running
21:00:44  [mysql] 	Attempting to start MySQL app...
21:00:44  [mysql] 	Status change detected: running
21:08:30  [main] 	Deinitializing Modules
21:08:30  [main] 	Deinitializing Control Panel

23:15:34  [main] 	Initializing Control Panel
23:15:34  [main] 	Windows Version:  Home  64-bit
23:15:34  [main] 	XAMPP Version: 7.0.13
23:15:34  [main] 	Control Panel Version: 3.2.2  [ Compiled: Nov 12th 2015 ]
23:15:34  [main] 	You are not running with administrator rights! This will work for
23:15:34  [main] 	most application stuff but whenever you do something with services
23:15:34  [main] 	there will be a security dialogue or things will break! So think 
23:15:34  [main] 	about running this application with administrator rights!
23:15:34  [main] 	XAMPP Installation Directory: "d:\programowanie\strony\programy\xampp\"
23:15:34  [main] 	Checking for prerequisites
23:15:35  [main] 	All prerequisites found
23:15:35  [main] 	Initializing Modules
23:15:35  [main] 	Starting Check-Timer
23:15:35  [main] 	Control Panel Ready
23:15:43  [Apache] 	Attempting to start Apache app...
23:15:44  [mysql] 	Attempting to start MySQL app...
23:15:46  [Apache] 	Status change detected: running
23:15:46  [mysql] 	Status change detected: running
23:30:04  [main] 	Deinitializing Modules
23:30:04  [main] 	Deinitializing Control Panel

23:31:03  [main] 	Initializing Control Panel
23:31:03  [main] 	Windows Version:  Home  64-bit
23:31:03  [main] 	XAMPP Version: 7.0.13
23:31:03  [main] 	Control Panel Version: 3.2.2  [ Compiled: Nov 12th 2015 ]
23:31:03  [main] 	You are not running with administrator rights! This will work for
23:31:03  [main] 	most application stuff but whenever you do something with services
23:31:03  [main] 	there will be a security dialogue or things will break! So think 
23:31:03  [main] 	about running this application with administrator rights!
23:31:03  [main] 	XAMPP Installation Directory: "d:\programowanie\strony\programy\xampp\"
23:31:03  [main] 	Checking for prerequisites
23:31:03  [main] 	All prerequisites found
23:31:03  [main] 	Initializing Modules
23:31:05  [Apache] 	XAMPP Apache is already running on port 80
23:31:05  [Apache] 	XAMPP Apache is already running on port 443
23:31:05  [mysql] 	XAMPP MySQL is already running on port 3306
23:31:05  [main] 	Starting Check-Timer
23:31:05  [main] 	Control Panel Ready
21:21:40  [main] 	Deinitializing Modules
21:21:40  [main] 	Deinitializing Control Panel

23:38:02  [main] 	Initializing Control Panel
23:38:02  [main] 	Windows Version:  Home  64-bit
23:38:02  [main] 	XAMPP Version: 7.0.13
23:38:02  [main] 	Control Panel Version: 3.2.2  [ Compiled: Nov 12th 2015 ]
23:38:02  [main] 	You are not running with administrator rights! This will work for
23:38:02  [main] 	most application stuff but whenever you do something with services
23:38:02  [main] 	there will be a security dialogue or things will break! So think 
23:38:02  [main] 	about running this application with administrator rights!
23:38:02  [main] 	XAMPP Installation Directory: "d:\programowanie\strony\programy\xampp\"
23:38:02  [main] 	Checking for prerequisites
23:38:03  [main] 	All prerequisites found
23:38:03  [main] 	Initializing Modules
23:38:03  [main] 	Starting Check-Timer
23:38:03  [main] 	Control Panel Ready
23:38:04  [Apache] 	Attempting to start Apache app...
23:38:04  [Apache] 	Status change detected: running
23:38:04  [mysql] 	Attempting to start MySQL app...
23:38:05  [mysql] 	Status change detected: running
00:05:15  [main] 	Deinitializing Modules
00:05:15  [main] 	Deinitializing Control Panel

17:35:25  [main] 	Initializing Control Panel
17:35:25  [main] 	Windows Version:  Home  64-bit
17:35:25  [main] 	XAMPP Version: 7.0.13
17:35:25  [main] 	Control Panel Version: 3.2.2  [ Compiled: Nov 12th 2015 ]
17:35:25  [main] 	You are not running with administrator rights! This will work for
17:35:25  [main] 	most application stuff but whenever you do something with services
17:35:25  [main] 	there will be a security dialogue or things will break! So think 
17:35:25  [main] 	about running this application with administrator rights!
17:35:25  [main] 	XAMPP Installation Directory: "d:\programowanie\strony\programy\xampp\"
17:35:25  [main] 	Checking for prerequisites
17:35:25  [main] 	All prerequisites found
17:35:25  [main] 	Initializing Modules
17:35:25  [Apache] 	XAMPP Apache is already running on port 80
17:35:25  [Apache] 	XAMPP Apache is already running on port 443
17:35:25  [mysql] 	XAMPP MySQL is already running on port 3306
17:35:25  [main] 	Starting Check-Timer
17:35:25  [main] 	Control Panel Ready
20:09:18  [main] 	Deinitializing Modules
20:09:18  [main] 	Deinitializing Control Panel

18:37:46  [main] 	Initializing Control Panel
18:37:46  [main] 	Windows Version:  Home  64-bit
18:37:46  [main] 	XAMPP Version: 7.0.13
18:37:46  [main] 	Control Panel Version: 3.2.2  [ Compiled: Nov 12th 2015 ]
18:37:46  [main] 	You are not running with administrator rights! This will work for
18:37:46  [main] 	most application stuff but whenever you do something with services
18:37:46  [main] 	there will be a security dialogue or things will break! So think 
18:37:46  [main] 	about running this application with administrator rights!
18:37:46  [main] 	XAMPP Installation Directory: "d:\programowanie\strony\programy\xampp\"
18:37:46  [main] 	Checking for prerequisites
18:37:46  [main] 	All prerequisites found
18:37:46  [main] 	Initializing Modules
18:37:46  [Apache] 	XAMPP Apache is already running on port 80
18:37:46  [Apache] 	XAMPP Apache is already running on port 443
18:37:46  [mysql] 	XAMPP MySQL is already running on port 3306
18:37:46  [main] 	Starting Check-Timer
18:37:46  [main] 	Control Panel Ready
23:13:12  [main] 	Deinitializing Modules
23:13:12  [main] 	Deinitializing Control Panel

21:02:51  [main] 	Initializing Control Panel
21:02:51  [main] 	Windows Version:  Home  64-bit
21:02:51  [main] 	XAMPP Version: 7.0.13
21:02:51  [main] 	Control Panel Version: 3.2.2  [ Compiled: Nov 12th 2015 ]
21:02:51  [main] 	You are not running with administrator rights! This will work for
21:02:51  [main] 	most application stuff but whenever you do something with services
21:02:51  [main] 	there will be a security dialogue or things will break! So think 
21:02:51  [main] 	about running this application with administrator rights!
21:02:51  [main] 	XAMPP Installation Directory: "d:\programowanie\strony\programy\xampp\"
21:02:51  [main] 	Checking for prerequisites
21:02:51  [main] 	All prerequisites found
21:02:51  [main] 	Initializing Modules
21:02:51  [main] 	Starting Check-Timer
21:02:51  [main] 	Control Panel Ready
21:02:52  [Apache] 	Attempting to start Apache app...
21:02:53  [Apache] 	Status change detected: running
21:02:53  [mysql] 	Attempting to start MySQL app...
21:02:54  [mysql] 	Status change detected: running
22:30:00  [main] 	Deinitializing Modules
22:30:00  [main] 	Deinitializing Control Panel

11:54:06  [main] 	Initializing Control Panel
11:54:06  [main] 	Windows Version:  Home  64-bit
11:54:06  [main] 	XAMPP Version: 7.0.13
11:54:06  [main] 	Control Panel Version: 3.2.2  [ Compiled: Nov 12th 2015 ]
11:54:06  [main] 	You are not running with administrator rights! This will work for
11:54:06  [main] 	most application stuff but whenever you do something with services
11:54:06  [main] 	there will be a security dialogue or things will break! So think 
11:54:06  [main] 	about running this application with administrator rights!
11:54:06  [main] 	XAMPP Installation Directory: "d:\programowanie\strony\programy\xampp\"
11:54:06  [main] 	Checking for prerequisites
11:54:10  [main] 	All prerequisites found
11:54:10  [main] 	Initializing Modules
11:54:10  [main] 	Starting Check-Timer
11:54:10  [main] 	Control Panel Ready
11:54:11  [Apache] 	Attempting to start Apache app...
11:54:12  [Apache] 	Status change detected: running
11:54:12  [mysql] 	Attempting to start MySQL app...
11:54:13  [mysql] 	Status change detected: running
13:25:20  [main] 	Deinitializing Modules
13:25:20  [main] 	Deinitializing Control Panel

09:55:09  [main] 	Initializing Control Panel
09:55:09  [main] 	Windows Version:  Home  64-bit
09:55:09  [main] 	XAMPP Version: 7.0.13
09:55:09  [main] 	Control Panel Version: 3.2.2  [ Compiled: Nov 12th 2015 ]
09:55:09  [main] 	You are not running with administrator rights! This will work for
09:55:09  [main] 	most application stuff but whenever you do something with services
09:55:09  [main] 	there will be a security dialogue or things will break! So think 
09:55:09  [main] 	about running this application with administrator rights!
09:55:09  [main] 	XAMPP Installation Directory: "d:\programowanie\strony\programy\xampp\"
09:55:09  [main] 	Checking for prerequisites
09:55:10  [main] 	All prerequisites found
09:55:10  [main] 	Initializing Modules
09:55:10  [main] 	Starting Check-Timer
09:55:10  [main] 	Control Panel Ready
09:55:12  [Apache] 	Attempting to start Apache app...
09:55:12  [Apache] 	Status change detected: running
09:55:12  [mysql] 	Attempting to start MySQL app...
09:55:13  [mysql] 	Status change detected: running
14:46:08  [main] 	Deinitializing Modules
14:46:08  [main] 	Deinitializing Control Panel

19:35:44  [main] 	Initializing Control Panel
19:35:44  [main] 	Windows Version:  Home  64-bit
19:35:44  [main] 	XAMPP Version: 7.0.13
19:35:44  [main] 	Control Panel Version: 3.2.2  [ Compiled: Nov 12th 2015 ]
19:35:44  [main] 	You are not running with administrator rights! This will work for
19:35:44  [main] 	most application stuff but whenever you do something with services
19:35:44  [main] 	there will be a security dialogue or things will break! So think 
19:35:44  [main] 	about running this application with administrator rights!
19:35:44  [main] 	XAMPP Installation Directory: "d:\programowanie\strony\programy\xampp\"
19:35:44  [main] 	Checking for prerequisites
19:35:45  [main] 	All prerequisites found
19:35:45  [main] 	Initializing Modules
19:35:45  [Apache] 	XAMPP Apache is already running on port 80
19:35:45  [Apache] 	XAMPP Apache is already running on port 443
19:35:45  [mysql] 	XAMPP MySQL is already running on port 3306
19:35:45  [main] 	Starting Check-Timer
19:35:45  [main] 	Control Panel Ready
19:35:46  [Apache] 	Attempting to stop Apache (PID: 8936)
19:35:46  [Apache] 	Attempting to stop Apache (PID: 14084)
19:35:46  [Apache] 	Attempting to stop Apache (PID: 8936)
19:35:46  [Apache] 	Problem killing PID 8936
19:35:46  [Apache] 	Check that you have the proper privileges
19:35:47  [Apache] 	Attempting to stop Apache (PID: 14084)
19:35:47  [Apache] 	Problem killing PID 14084
19:35:47  [Apache] 	Check that you have the proper privileges
19:35:47  [Apache] 	Status change detected: stopped
19:35:49  [Apache] 	Attempting to start Apache app...
19:35:49  [Apache] 	Status change detected: running
09:54:40  [main] 	Deinitializing Modules
09:54:40  [main] 	Deinitializing Control Panel

